{"/home/dh/Projects/trustlines-network/clientlib/src/Configuration.ts":{"path":"/home/dh/Projects/trustlines-network/clientlib/src/Configuration.ts","statementMap":{"0":{"start":{"line":2,"column":0},"end":{"line":2,"column":62}},"1":{"start":{"line":6,"column":35},"end":{"line":29,"column":3}},"2":{"start":{"line":12,"column":8},"end":{"line":12,"column":47}},"3":{"start":{"line":12,"column":33},"end":{"line":12,"column":45}},"4":{"start":{"line":13,"column":17},"end":{"line":13,"column":32}},"5":{"start":{"line":13,"column":45},"end":{"line":13,"column":72}},"6":{"start":{"line":13,"column":79},"end":{"line":13,"column":90}},"7":{"start":{"line":13,"column":99},"end":{"line":13,"column":131}},"8":{"start":{"line":13,"column":138},"end":{"line":13,"column":149}},"9":{"start":{"line":13,"column":158},"end":{"line":13,"column":181}},"10":{"start":{"line":13,"column":188},"end":{"line":13,"column":199}},"11":{"start":{"line":13,"column":208},"end":{"line":13,"column":231}},"12":{"start":{"line":13,"column":238},"end":{"line":13,"column":255}},"13":{"start":{"line":13,"column":270},"end":{"line":13,"column":295}},"14":{"start":{"line":13,"column":312},"end":{"line":13,"column":331}},"15":{"start":{"line":14,"column":8},"end":{"line":14,"column":68}},"16":{"start":{"line":15,"column":8},"end":{"line":15,"column":72}},"17":{"start":{"line":16,"column":8},"end":{"line":16,"column":41}},"18":{"start":{"line":25,"column":4},"end":{"line":27,"column":6}},"19":{"start":{"line":26,"column":8},"end":{"line":26,"column":86}},"20":{"start":{"line":28,"column":4},"end":{"line":28,"column":25}},"21":{"start":{"line":30,"column":0},"end":{"line":30,"column":38}}},"fnMap":{"0":{"name":"(anonymous_0)","decl":{"start":{"line":6,"column":35},"end":{"line":6,"column":36}},"loc":{"start":{"line":6,"column":47},"end":{"line":29,"column":1}},"line":6},"1":{"name":"Configuration","decl":{"start":{"line":11,"column":13},"end":{"line":11,"column":26}},"loc":{"start":{"line":11,"column":35},"end":{"line":17,"column":5}},"line":11},"2":{"name":"(anonymous_2)","decl":{"start":{"line":25,"column":43},"end":{"line":25,"column":44}},"loc":{"start":{"line":25,"column":81},"end":{"line":27,"column":5}},"line":25}},"branchMap":{"0":{"loc":{"start":{"line":12,"column":8},"end":{"line":12,"column":47}},"type":"if","locations":[{"start":{"line":12,"column":8},"end":{"line":12,"column":47}},{"start":{"line":12,"column":8},"end":{"line":12,"column":47}}],"line":12},"1":{"loc":{"start":{"line":13,"column":45},"end":{"line":13,"column":72}},"type":"cond-expr","locations":[{"start":{"line":13,"column":61},"end":{"line":13,"column":67}},{"start":{"line":13,"column":70},"end":{"line":13,"column":72}}],"line":13},"2":{"loc":{"start":{"line":13,"column":99},"end":{"line":13,"column":131}},"type":"cond-expr","locations":[{"start":{"line":13,"column":115},"end":{"line":13,"column":126}},{"start":{"line":13,"column":129},"end":{"line":13,"column":131}}],"line":13},"3":{"loc":{"start":{"line":13,"column":158},"end":{"line":13,"column":181}},"type":"cond-expr","locations":[{"start":{"line":13,"column":174},"end":{"line":13,"column":176}},{"start":{"line":13,"column":179},"end":{"line":13,"column":181}}],"line":13},"4":{"loc":{"start":{"line":13,"column":208},"end":{"line":13,"column":231}},"type":"cond-expr","locations":[{"start":{"line":13,"column":224},"end":{"line":13,"column":226}},{"start":{"line":13,"column":229},"end":{"line":13,"column":231}}],"line":13},"5":{"loc":{"start":{"line":13,"column":270},"end":{"line":13,"column":295}},"type":"cond-expr","locations":[{"start":{"line":13,"column":286},"end":{"line":13,"column":290}},{"start":{"line":13,"column":293},"end":{"line":13,"column":295}}],"line":13},"6":{"loc":{"start":{"line":26,"column":42},"end":{"line":26,"column":71}},"type":"cond-expr","locations":[{"start":{"line":26,"column":56},"end":{"line":26,"column":58}},{"start":{"line":26,"column":61},"end":{"line":26,"column":71}}],"line":26}},"s":{"0":1,"1":1,"2":4,"3":0,"4":4,"5":4,"6":4,"7":4,"8":4,"9":4,"10":4,"11":4,"12":4,"13":4,"14":4,"15":4,"16":4,"17":4,"18":1,"19":8,"20":1,"21":1},"f":{"0":1,"1":4,"2":8},"b":{"0":[0,4],"1":[0,4],"2":[0,4],"3":[0,4],"4":[0,4],"5":[4,0],"6":[0,8]},"_coverageSchema":"43e27e138ebf9cfc5966b082cf9a028302ed4184","hash":"db78fdf289920d1d6a8f4d51f19fe6c7657dddb3","contentHash":"fb7f94270880285606ddc9afd18d45f7"},"/home/dh/Projects/trustlines-network/clientlib/src/Utils.ts":{"path":"/home/dh/Projects/trustlines-network/clientlib/src/Utils.ts","statementMap":{"0":{"start":{"line":2,"column":15},"end":{"line":9,"column":1}},"1":{"start":{"line":3,"column":4},"end":{"line":7,"column":5}},"2":{"start":{"line":4,"column":8},"end":{"line":4,"column":25}},"3":{"start":{"line":5,"column":8},"end":{"line":6,"column":24}},"4":{"start":{"line":5,"column":25},"end":{"line":6,"column":24}},"5":{"start":{"line":6,"column":12},"end":{"line":6,"column":24}},"6":{"start":{"line":8,"column":4},"end":{"line":8,"column":13}},"7":{"start":{"line":10,"column":16},"end":{"line":17,"column":1}},"8":{"start":{"line":11,"column":4},"end":{"line":16,"column":7}},"9":{"start":{"line":12,"column":36},"end":{"line":12,"column":97}},"10":{"start":{"line":12,"column":42},"end":{"line":12,"column":70}},"11":{"start":{"line":12,"column":85},"end":{"line":12,"column":95}},"12":{"start":{"line":13,"column":35},"end":{"line":13,"column":100}},"13":{"start":{"line":13,"column":41},"end":{"line":13,"column":73}},"14":{"start":{"line":13,"column":88},"end":{"line":13,"column":98}},"15":{"start":{"line":14,"column":32},"end":{"line":14,"column":149}},"16":{"start":{"line":14,"column":97},"end":{"line":14,"column":119}},"17":{"start":{"line":15,"column":8},"end":{"line":15,"column":78}},"18":{"start":{"line":18,"column":18},"end":{"line":44,"column":1}},"19":{"start":{"line":19,"column":12},"end":{"line":19,"column":104}},"20":{"start":{"line":19,"column":43},"end":{"line":19,"column":68}},"21":{"start":{"line":19,"column":57},"end":{"line":19,"column":68}},"22":{"start":{"line":19,"column":69},"end":{"line":19,"column":81}},"23":{"start":{"line":20,"column":4},"end":{"line":20,"column":157}},"24":{"start":{"line":20,"column":138},"end":{"line":20,"column":150}},"25":{"start":{"line":21,"column":23},"end":{"line":21,"column":68}},"26":{"start":{"line":21,"column":45},"end":{"line":21,"column":65}},"27":{"start":{"line":23,"column":8},"end":{"line":23,"column":70}},"28":{"start":{"line":23,"column":15},"end":{"line":23,"column":70}},"29":{"start":{"line":24,"column":8},"end":{"line":41,"column":66}},"30":{"start":{"line":24,"column":18},"end":{"line":41,"column":66}},"31":{"start":{"line":25,"column":12},"end":{"line":25,"column":169}},"32":{"start":{"line":25,"column":160},"end":{"line":25,"column":169}},"33":{"start":{"line":26,"column":12},"end":{"line":26,"column":52}},"34":{"start":{"line":26,"column":26},"end":{"line":26,"column":52}},"35":{"start":{"line":27,"column":12},"end":{"line":39,"column":13}},"36":{"start":{"line":28,"column":32},"end":{"line":28,"column":39}},"37":{"start":{"line":28,"column":40},"end":{"line":28,"column":46}},"38":{"start":{"line":29,"column":24},"end":{"line":29,"column":34}},"39":{"start":{"line":29,"column":35},"end":{"line":29,"column":72}},"40":{"start":{"line":30,"column":24},"end":{"line":30,"column":34}},"41":{"start":{"line":30,"column":35},"end":{"line":30,"column":45}},"42":{"start":{"line":30,"column":46},"end":{"line":30,"column":55}},"43":{"start":{"line":30,"column":56},"end":{"line":30,"column":65}},"44":{"start":{"line":31,"column":24},"end":{"line":31,"column":41}},"45":{"start":{"line":31,"column":42},"end":{"line":31,"column":55}},"46":{"start":{"line":31,"column":56},"end":{"line":31,"column":65}},"47":{"start":{"line":33,"column":20},"end":{"line":33,"column":128}},"48":{"start":{"line":33,"column":110},"end":{"line":33,"column":116}},"49":{"start":{"line":33,"column":117},"end":{"line":33,"column":126}},"50":{"start":{"line":34,"column":20},"end":{"line":34,"column":106}},"51":{"start":{"line":34,"column":81},"end":{"line":34,"column":97}},"52":{"start":{"line":34,"column":98},"end":{"line":34,"column":104}},"53":{"start":{"line":35,"column":20},"end":{"line":35,"column":89}},"54":{"start":{"line":35,"column":57},"end":{"line":35,"column":72}},"55":{"start":{"line":35,"column":73},"end":{"line":35,"column":80}},"56":{"start":{"line":35,"column":81},"end":{"line":35,"column":87}},"57":{"start":{"line":36,"column":20},"end":{"line":36,"column":87}},"58":{"start":{"line":36,"column":47},"end":{"line":36,"column":62}},"59":{"start":{"line":36,"column":63},"end":{"line":36,"column":78}},"60":{"start":{"line":36,"column":79},"end":{"line":36,"column":85}},"61":{"start":{"line":37,"column":20},"end":{"line":37,"column":42}},"62":{"start":{"line":37,"column":30},"end":{"line":37,"column":42}},"63":{"start":{"line":38,"column":20},"end":{"line":38,"column":33}},"64":{"start":{"line":38,"column":34},"end":{"line":38,"column":43}},"65":{"start":{"line":40,"column":12},"end":{"line":40,"column":39}},"66":{"start":{"line":41,"column":22},"end":{"line":41,"column":34}},"67":{"start":{"line":41,"column":35},"end":{"line":41,"column":41}},"68":{"start":{"line":41,"column":54},"end":{"line":41,"column":64}},"69":{"start":{"line":42,"column":8},"end":{"line":42,"column":35}},"70":{"start":{"line":42,"column":23},"end":{"line":42,"column":35}},"71":{"start":{"line":42,"column":36},"end":{"line":42,"column":89}},"72":{"start":{"line":45,"column":0},"end":{"line":45,"column":62}},"73":{"start":{"line":46,"column":19},"end":{"line":46,"column":45}},"74":{"start":{"line":47,"column":0},"end":{"line":47,"column":38}},"75":{"start":{"line":48,"column":0},"end":{"line":48,"column":33}},"76":{"start":{"line":49,"column":21},"end":{"line":49,"column":44}},"77":{"start":{"line":50,"column":15},"end":{"line":50,"column":41}},"78":{"start":{"line":52,"column":28},"end":{"line":52,"column":61}},"79":{"start":{"line":53,"column":14},"end":{"line":53,"column":42}},"80":{"start":{"line":54,"column":16},"end":{"line":54,"column":42}},"81":{"start":{"line":55,"column":0},"end":{"line":61,"column":1}},"82":{"start":{"line":57,"column":4},"end":{"line":57,"column":72}},"83":{"start":{"line":60,"column":4},"end":{"line":60,"column":54}},"84":{"start":{"line":65,"column":27},"end":{"line":301,"column":3}},"85":{"start":{"line":67,"column":8},"end":{"line":67,"column":44}},"86":{"start":{"line":68,"column":8},"end":{"line":68,"column":48}},"87":{"start":{"line":75,"column":4},"end":{"line":98,"column":6}},"88":{"start":{"line":76,"column":8},"end":{"line":97,"column":11}},"89":{"start":{"line":78,"column":12},"end":{"line":96,"column":15}},"90":{"start":{"line":79,"column":16},"end":{"line":95,"column":17}},"91":{"start":{"line":81,"column":24},"end":{"line":81,"column":63}},"92":{"start":{"line":82,"column":24},"end":{"line":82,"column":70}},"93":{"start":{"line":84,"column":24},"end":{"line":84,"column":45}},"94":{"start":{"line":85,"column":24},"end":{"line":85,"column":62}},"95":{"start":{"line":87,"column":24},"end":{"line":87,"column":41}},"96":{"start":{"line":88,"column":24},"end":{"line":93,"column":25}},"97":{"start":{"line":89,"column":28},"end":{"line":89,"column":109}},"98":{"start":{"line":92,"column":28},"end":{"line":92,"column":56}},"99":{"start":{"line":94,"column":24},"end":{"line":94,"column":46}},"100":{"start":{"line":99,"column":4},"end":{"line":133,"column":6}},"101":{"start":{"line":100,"column":20},"end":{"line":100,"column":24}},"102":{"start":{"line":101,"column":8},"end":{"line":132,"column":11}},"103":{"start":{"line":102,"column":26},"end":{"line":102,"column":52}},"104":{"start":{"line":103,"column":21},"end":{"line":103,"column":99}},"105":{"start":{"line":104,"column":23},"end":{"line":104,"column":36}},"106":{"start":{"line":105,"column":12},"end":{"line":107,"column":14}},"107":{"start":{"line":106,"column":16},"end":{"line":106,"column":33}},"108":{"start":{"line":108,"column":12},"end":{"line":110,"column":14}},"109":{"start":{"line":109,"column":16},"end":{"line":109,"column":44}},"110":{"start":{"line":111,"column":12},"end":{"line":113,"column":14}},"111":{"start":{"line":112,"column":16},"end":{"line":112,"column":73}},"112":{"start":{"line":114,"column":12},"end":{"line":128,"column":14}},"113":{"start":{"line":115,"column":16},"end":{"line":115,"column":57}},"114":{"start":{"line":116,"column":16},"end":{"line":120,"column":19}},"115":{"start":{"line":117,"column":20},"end":{"line":119,"column":23}},"116":{"start":{"line":118,"column":24},"end":{"line":118,"column":45}},"117":{"start":{"line":121,"column":16},"end":{"line":127,"column":17}},"118":{"start":{"line":122,"column":20},"end":{"line":126,"column":23}},"119":{"start":{"line":123,"column":24},"end":{"line":125,"column":27}},"120":{"start":{"line":124,"column":28},"end":{"line":124,"column":49}},"121":{"start":{"line":129,"column":12},"end":{"line":131,"column":14}},"122":{"start":{"line":130,"column":16},"end":{"line":130,"column":57}},"123":{"start":{"line":139,"column":4},"end":{"line":153,"column":6}},"124":{"start":{"line":140,"column":8},"end":{"line":151,"column":9}},"125":{"start":{"line":141,"column":12},"end":{"line":141,"column":118}},"126":{"start":{"line":141,"column":60},"end":{"line":141,"column":105}},"127":{"start":{"line":143,"column":13},"end":{"line":151,"column":9}},"128":{"start":{"line":144,"column":12},"end":{"line":150,"column":13}},"129":{"start":{"line":145,"column":16},"end":{"line":149,"column":17}},"130":{"start":{"line":146,"column":32},"end":{"line":146,"column":63}},"131":{"start":{"line":147,"column":20},"end":{"line":147,"column":73}},"132":{"start":{"line":148,"column":20},"end":{"line":148,"column":49}},"133":{"start":{"line":152,"column":8},"end":{"line":152,"column":23}},"134":{"start":{"line":158,"column":4},"end":{"line":161,"column":6}},"135":{"start":{"line":159,"column":19},"end":{"line":159,"column":49}},"136":{"start":{"line":160,"column":8},"end":{"line":160,"column":43}},"137":{"start":{"line":167,"column":4},"end":{"line":170,"column":6}},"138":{"start":{"line":168,"column":21},"end":{"line":168,"column":79}},"139":{"start":{"line":169,"column":8},"end":{"line":169,"column":72}},"140":{"start":{"line":176,"column":4},"end":{"line":179,"column":6}},"141":{"start":{"line":177,"column":22},"end":{"line":177,"column":80}},"142":{"start":{"line":178,"column":8},"end":{"line":178,"column":68}},"143":{"start":{"line":185,"column":4},"end":{"line":191,"column":6}},"144":{"start":{"line":186,"column":8},"end":{"line":190,"column":10}},"145":{"start":{"line":196,"column":4},"end":{"line":198,"column":6}},"146":{"start":{"line":197,"column":8},"end":{"line":197,"column":100}},"147":{"start":{"line":204,"column":4},"end":{"line":210,"column":6}},"148":{"start":{"line":205,"column":8},"end":{"line":209,"column":10}},"149":{"start":{"line":217,"column":4},"end":{"line":241,"column":6}},"150":{"start":{"line":219,"column":19},"end":{"line":228,"column":9}},"151":{"start":{"line":229,"column":8},"end":{"line":239,"column":9}},"152":{"start":{"line":230,"column":22},"end":{"line":230,"column":32}},"153":{"start":{"line":231,"column":12},"end":{"line":238,"column":13}},"154":{"start":{"line":232,"column":16},"end":{"line":237,"column":17}},"155":{"start":{"line":233,"column":20},"end":{"line":233,"column":87}},"156":{"start":{"line":236,"column":20},"end":{"line":236,"column":82}},"157":{"start":{"line":240,"column":8},"end":{"line":240,"column":21}},"158":{"start":{"line":248,"column":4},"end":{"line":258,"column":6}},"159":{"start":{"line":249,"column":8},"end":{"line":256,"column":9}},"160":{"start":{"line":250,"column":31},"end":{"line":250,"column":44}},"161":{"start":{"line":251,"column":12},"end":{"line":251,"column":224}},"162":{"start":{"line":253,"column":13},"end":{"line":256,"column":9}},"163":{"start":{"line":254,"column":33},"end":{"line":254,"column":46}},"164":{"start":{"line":255,"column":12},"end":{"line":255,"column":242}},"165":{"start":{"line":257,"column":8},"end":{"line":257,"column":66}},"166":{"start":{"line":263,"column":4},"end":{"line":270,"column":6}},"167":{"start":{"line":264,"column":8},"end":{"line":269,"column":9}},"168":{"start":{"line":265,"column":12},"end":{"line":265,"column":60}},"169":{"start":{"line":268,"column":12},"end":{"line":268,"column":52}},"170":{"start":{"line":275,"column":4},"end":{"line":279,"column":6}},"171":{"start":{"line":276,"column":18},"end":{"line":276,"column":53}},"172":{"start":{"line":277,"column":18},"end":{"line":277,"column":67}},"173":{"start":{"line":278,"column":8},"end":{"line":278,"column":41}},"174":{"start":{"line":284,"column":4},"end":{"line":292,"column":6}},"175":{"start":{"line":285,"column":24},"end":{"line":285,"column":64}},"176":{"start":{"line":286,"column":8},"end":{"line":289,"column":9}},"177":{"start":{"line":288,"column":12},"end":{"line":288,"column":84}},"178":{"start":{"line":290,"column":21},"end":{"line":290,"column":43}},"179":{"start":{"line":291,"column":8},"end":{"line":291,"column":45}},"180":{"start":{"line":293,"column":4},"end":{"line":299,"column":6}},"181":{"start":{"line":294,"column":8},"end":{"line":298,"column":28}},"182":{"start":{"line":300,"column":4},"end":{"line":300,"column":17}},"183":{"start":{"line":302,"column":0},"end":{"line":302,"column":22}}},"fnMap":{"0":{"name":"(anonymous_0)","decl":{"start":{"line":2,"column":59},"end":{"line":2,"column":60}},"loc":{"start":{"line":2,"column":71},"end":{"line":9,"column":1}},"line":2},"1":{"name":"(anonymous_1)","decl":{"start":{"line":10,"column":44},"end":{"line":10,"column":45}},"loc":{"start":{"line":10,"column":89},"end":{"line":17,"column":1}},"line":10},"2":{"name":"(anonymous_2)","decl":{"start":{"line":11,"column":36},"end":{"line":11,"column":37}},"loc":{"start":{"line":11,"column":63},"end":{"line":16,"column":5}},"line":11},"3":{"name":"fulfilled","decl":{"start":{"line":12,"column":17},"end":{"line":12,"column":26}},"loc":{"start":{"line":12,"column":34},"end":{"line":12,"column":99}},"line":12},"4":{"name":"rejected","decl":{"start":{"line":13,"column":17},"end":{"line":13,"column":25}},"loc":{"start":{"line":13,"column":33},"end":{"line":13,"column":102}},"line":13},"5":{"name":"step","decl":{"start":{"line":14,"column":17},"end":{"line":14,"column":21}},"loc":{"start":{"line":14,"column":30},"end":{"line":14,"column":151}},"line":14},"6":{"name":"(anonymous_6)","decl":{"start":{"line":14,"column":76},"end":{"line":14,"column":77}},"loc":{"start":{"line":14,"column":95},"end":{"line":14,"column":121}},"line":14},"7":{"name":"(anonymous_7)","decl":{"start":{"line":18,"column":48},"end":{"line":18,"column":49}},"loc":{"start":{"line":18,"column":73},"end":{"line":44,"column":1}},"line":18},"8":{"name":"(anonymous_8)","decl":{"start":{"line":19,"column":30},"end":{"line":19,"column":31}},"loc":{"start":{"line":19,"column":41},"end":{"line":19,"column":83}},"line":19},"9":{"name":"(anonymous_9)","decl":{"start":{"line":20,"column":125},"end":{"line":20,"column":126}},"loc":{"start":{"line":20,"column":136},"end":{"line":20,"column":152}},"line":20},"10":{"name":"verb","decl":{"start":{"line":21,"column":13},"end":{"line":21,"column":17}},"loc":{"start":{"line":21,"column":21},"end":{"line":21,"column":70}},"line":21},"11":{"name":"(anonymous_11)","decl":{"start":{"line":21,"column":30},"end":{"line":21,"column":31}},"loc":{"start":{"line":21,"column":43},"end":{"line":21,"column":67}},"line":21},"12":{"name":"step","decl":{"start":{"line":22,"column":13},"end":{"line":22,"column":17}},"loc":{"start":{"line":22,"column":22},"end":{"line":43,"column":5}},"line":22},"13":{"name":"(anonymous_13)","decl":{"start":{"line":65,"column":27},"end":{"line":65,"column":28}},"loc":{"start":{"line":65,"column":39},"end":{"line":301,"column":1}},"line":65},"14":{"name":"Utils","decl":{"start":{"line":66,"column":13},"end":{"line":66,"column":18}},"loc":{"start":{"line":66,"column":34},"end":{"line":69,"column":5}},"line":66},"15":{"name":"(anonymous_15)","decl":{"start":{"line":75,"column":31},"end":{"line":75,"column":32}},"loc":{"start":{"line":75,"column":60},"end":{"line":98,"column":5}},"line":75},"16":{"name":"(anonymous_16)","decl":{"start":{"line":76,"column":47},"end":{"line":76,"column":48}},"loc":{"start":{"line":76,"column":59},"end":{"line":97,"column":9}},"line":76},"17":{"name":"(anonymous_17)","decl":{"start":{"line":78,"column":37},"end":{"line":78,"column":38}},"loc":{"start":{"line":78,"column":51},"end":{"line":96,"column":13}},"line":78},"18":{"name":"(anonymous_18)","decl":{"start":{"line":99,"column":38},"end":{"line":99,"column":39}},"loc":{"start":{"line":99,"column":78},"end":{"line":133,"column":5}},"line":99},"19":{"name":"(anonymous_19)","decl":{"start":{"line":101,"column":46},"end":{"line":101,"column":47}},"loc":{"start":{"line":101,"column":66},"end":{"line":132,"column":9}},"line":101},"20":{"name":"(anonymous_20)","decl":{"start":{"line":105,"column":28},"end":{"line":105,"column":29}},"loc":{"start":{"line":105,"column":47},"end":{"line":107,"column":13}},"line":105},"21":{"name":"(anonymous_21)","decl":{"start":{"line":108,"column":27},"end":{"line":108,"column":28}},"loc":{"start":{"line":108,"column":40},"end":{"line":110,"column":13}},"line":108},"22":{"name":"(anonymous_22)","decl":{"start":{"line":111,"column":25},"end":{"line":111,"column":26}},"loc":{"start":{"line":111,"column":38},"end":{"line":113,"column":13}},"line":111},"23":{"name":"(anonymous_23)","decl":{"start":{"line":114,"column":24},"end":{"line":114,"column":25}},"loc":{"start":{"line":114,"column":36},"end":{"line":128,"column":13}},"line":114},"24":{"name":"(anonymous_24)","decl":{"start":{"line":116,"column":51},"end":{"line":116,"column":52}},"loc":{"start":{"line":116,"column":77},"end":{"line":120,"column":17}},"line":116},"25":{"name":"(anonymous_25)","decl":{"start":{"line":117,"column":73},"end":{"line":117,"column":74}},"loc":{"start":{"line":117,"column":90},"end":{"line":119,"column":21}},"line":117},"26":{"name":"(anonymous_26)","decl":{"start":{"line":122,"column":62},"end":{"line":122,"column":63}},"loc":{"start":{"line":122,"column":80},"end":{"line":126,"column":21}},"line":122},"27":{"name":"(anonymous_27)","decl":{"start":{"line":123,"column":35},"end":{"line":123,"column":36}},"loc":{"start":{"line":123,"column":52},"end":{"line":125,"column":25}},"line":123},"28":{"name":"(anonymous_28)","decl":{"start":{"line":129,"column":19},"end":{"line":129,"column":20}},"loc":{"start":{"line":129,"column":31},"end":{"line":131,"column":13}},"line":129},"29":{"name":"(anonymous_29)","decl":{"start":{"line":139,"column":31},"end":{"line":139,"column":32}},"loc":{"start":{"line":139,"column":58},"end":{"line":153,"column":5}},"line":139},"30":{"name":"(anonymous_30)","decl":{"start":{"line":141,"column":36},"end":{"line":141,"column":37}},"loc":{"start":{"line":141,"column":58},"end":{"line":141,"column":107}},"line":141},"31":{"name":"(anonymous_31)","decl":{"start":{"line":158,"column":33},"end":{"line":158,"column":34}},"loc":{"start":{"line":158,"column":51},"end":{"line":161,"column":5}},"line":158},"32":{"name":"(anonymous_32)","decl":{"start":{"line":167,"column":30},"end":{"line":167,"column":31}},"loc":{"start":{"line":167,"column":57},"end":{"line":170,"column":5}},"line":167},"33":{"name":"(anonymous_33)","decl":{"start":{"line":176,"column":32},"end":{"line":176,"column":33}},"loc":{"start":{"line":176,"column":57},"end":{"line":179,"column":5}},"line":176},"34":{"name":"(anonymous_34)","decl":{"start":{"line":185,"column":45},"end":{"line":185,"column":46}},"loc":{"start":{"line":185,"column":70},"end":{"line":191,"column":5}},"line":185},"35":{"name":"(anonymous_35)","decl":{"start":{"line":196,"column":38},"end":{"line":196,"column":39}},"loc":{"start":{"line":196,"column":56},"end":{"line":198,"column":5}},"line":196},"36":{"name":"(anonymous_36)","decl":{"start":{"line":204,"column":37},"end":{"line":204,"column":38}},"loc":{"start":{"line":204,"column":62},"end":{"line":210,"column":5}},"line":204},"37":{"name":"(anonymous_37)","decl":{"start":{"line":217,"column":34},"end":{"line":217,"column":35}},"loc":{"start":{"line":217,"column":90},"end":{"line":241,"column":5}},"line":217},"38":{"name":"(anonymous_38)","decl":{"start":{"line":248,"column":42},"end":{"line":248,"column":43}},"loc":{"start":{"line":248,"column":97},"end":{"line":258,"column":5}},"line":248},"39":{"name":"(anonymous_39)","decl":{"start":{"line":263,"column":35},"end":{"line":263,"column":36}},"loc":{"start":{"line":263,"column":54},"end":{"line":270,"column":5}},"line":263},"40":{"name":"(anonymous_40)","decl":{"start":{"line":275,"column":38},"end":{"line":275,"column":39}},"loc":{"start":{"line":275,"column":55},"end":{"line":279,"column":5}},"line":275},"41":{"name":"(anonymous_41)","decl":{"start":{"line":284,"column":41},"end":{"line":284,"column":42}},"loc":{"start":{"line":284,"column":63},"end":{"line":292,"column":5}},"line":284},"42":{"name":"(anonymous_42)","decl":{"start":{"line":293,"column":43},"end":{"line":293,"column":44}},"loc":{"start":{"line":293,"column":63},"end":{"line":299,"column":5}},"line":293}},"branchMap":{"0":{"loc":{"start":{"line":2,"column":15},"end":{"line":9,"column":1}},"type":"binary-expr","locations":[{"start":{"line":2,"column":16},"end":{"line":2,"column":20}},{"start":{"line":2,"column":24},"end":{"line":2,"column":37}},{"start":{"line":2,"column":42},"end":{"line":2,"column":55}},{"start":{"line":2,"column":59},"end":{"line":9,"column":1}}],"line":2},"1":{"loc":{"start":{"line":5,"column":25},"end":{"line":6,"column":24}},"type":"if","locations":[{"start":{"line":5,"column":25},"end":{"line":6,"column":24}},{"start":{"line":5,"column":25},"end":{"line":6,"column":24}}],"line":5},"2":{"loc":{"start":{"line":10,"column":16},"end":{"line":17,"column":1}},"type":"binary-expr","locations":[{"start":{"line":10,"column":17},"end":{"line":10,"column":21}},{"start":{"line":10,"column":25},"end":{"line":10,"column":39}},{"start":{"line":10,"column":44},"end":{"line":17,"column":1}}],"line":10},"3":{"loc":{"start":{"line":11,"column":16},"end":{"line":11,"column":34}},"type":"binary-expr","locations":[{"start":{"line":11,"column":16},"end":{"line":11,"column":17}},{"start":{"line":11,"column":22},"end":{"line":11,"column":33}}],"line":11},"4":{"loc":{"start":{"line":14,"column":32},"end":{"line":14,"column":148}},"type":"cond-expr","locations":[{"start":{"line":14,"column":46},"end":{"line":14,"column":67}},{"start":{"line":14,"column":70},"end":{"line":14,"column":148}}],"line":14},"5":{"loc":{"start":{"line":15,"column":51},"end":{"line":15,"column":67}},"type":"binary-expr","locations":[{"start":{"line":15,"column":51},"end":{"line":15,"column":61}},{"start":{"line":15,"column":65},"end":{"line":15,"column":67}}],"line":15},"6":{"loc":{"start":{"line":18,"column":18},"end":{"line":44,"column":1}},"type":"binary-expr","locations":[{"start":{"line":18,"column":19},"end":{"line":18,"column":23}},{"start":{"line":18,"column":27},"end":{"line":18,"column":43}},{"start":{"line":18,"column":48},"end":{"line":44,"column":1}}],"line":18},"7":{"loc":{"start":{"line":19,"column":43},"end":{"line":19,"column":68}},"type":"if","locations":[{"start":{"line":19,"column":43},"end":{"line":19,"column":68}},{"start":{"line":19,"column":43},"end":{"line":19,"column":68}}],"line":19},"8":{"loc":{"start":{"line":20,"column":71},"end":{"line":20,"column":153}},"type":"binary-expr","locations":[{"start":{"line":20,"column":71},"end":{"line":20,"column":99}},{"start":{"line":20,"column":104},"end":{"line":20,"column":152}}],"line":20},"9":{"loc":{"start":{"line":23,"column":8},"end":{"line":23,"column":70}},"type":"if","locations":[{"start":{"line":23,"column":8},"end":{"line":23,"column":70}},{"start":{"line":23,"column":8},"end":{"line":23,"column":70}}],"line":23},"10":{"loc":{"start":{"line":25,"column":12},"end":{"line":25,"column":169}},"type":"if","locations":[{"start":{"line":25,"column":12},"end":{"line":25,"column":169}},{"start":{"line":25,"column":12},"end":{"line":25,"column":169}}],"line":25},"11":{"loc":{"start":{"line":25,"column":23},"end":{"line":25,"column":158}},"type":"binary-expr","locations":[{"start":{"line":25,"column":23},"end":{"line":25,"column":24}},{"start":{"line":25,"column":29},"end":{"line":25,"column":125}},{"start":{"line":25,"column":130},"end":{"line":25,"column":158}}],"line":25},"12":{"loc":{"start":{"line":25,"column":33},"end":{"line":25,"column":125}},"type":"cond-expr","locations":[{"start":{"line":25,"column":45},"end":{"line":25,"column":56}},{"start":{"line":25,"column":59},"end":{"line":25,"column":125}}],"line":25},"13":{"loc":{"start":{"line":25,"column":59},"end":{"line":25,"column":125}},"type":"cond-expr","locations":[{"start":{"line":25,"column":67},"end":{"line":25,"column":116}},{"start":{"line":25,"column":119},"end":{"line":25,"column":125}}],"line":25},"14":{"loc":{"start":{"line":25,"column":67},"end":{"line":25,"column":116}},"type":"binary-expr","locations":[{"start":{"line":25,"column":67},"end":{"line":25,"column":77}},{"start":{"line":25,"column":82},"end":{"line":25,"column":115}}],"line":25},"15":{"loc":{"start":{"line":25,"column":82},"end":{"line":25,"column":112}},"type":"binary-expr","locations":[{"start":{"line":25,"column":83},"end":{"line":25,"column":98}},{"start":{"line":25,"column":103},"end":{"line":25,"column":112}}],"line":25},"16":{"loc":{"start":{"line":26,"column":12},"end":{"line":26,"column":52}},"type":"if","locations":[{"start":{"line":26,"column":12},"end":{"line":26,"column":52}},{"start":{"line":26,"column":12},"end":{"line":26,"column":52}}],"line":26},"17":{"loc":{"start":{"line":27,"column":12},"end":{"line":39,"column":13}},"type":"switch","locations":[{"start":{"line":28,"column":16},"end":{"line":28,"column":23}},{"start":{"line":28,"column":24},"end":{"line":28,"column":46}},{"start":{"line":29,"column":16},"end":{"line":29,"column":72}},{"start":{"line":30,"column":16},"end":{"line":30,"column":65}},{"start":{"line":31,"column":16},"end":{"line":31,"column":65}},{"start":{"line":32,"column":16},"end":{"line":38,"column":43}}],"line":27},"18":{"loc":{"start":{"line":33,"column":20},"end":{"line":33,"column":128}},"type":"if","locations":[{"start":{"line":33,"column":20},"end":{"line":33,"column":128}},{"start":{"line":33,"column":20},"end":{"line":33,"column":128}}],"line":33},"19":{"loc":{"start":{"line":33,"column":24},"end":{"line":33,"column":106}},"type":"binary-expr","locations":[{"start":{"line":33,"column":24},"end":{"line":33,"column":74}},{"start":{"line":33,"column":79},"end":{"line":33,"column":90}},{"start":{"line":33,"column":94},"end":{"line":33,"column":105}}],"line":33},"20":{"loc":{"start":{"line":33,"column":42},"end":{"line":33,"column":73}},"type":"binary-expr","locations":[{"start":{"line":33,"column":42},"end":{"line":33,"column":54}},{"start":{"line":33,"column":58},"end":{"line":33,"column":73}}],"line":33},"21":{"loc":{"start":{"line":34,"column":20},"end":{"line":34,"column":106}},"type":"if","locations":[{"start":{"line":34,"column":20},"end":{"line":34,"column":106}},{"start":{"line":34,"column":20},"end":{"line":34,"column":106}}],"line":34},"22":{"loc":{"start":{"line":34,"column":24},"end":{"line":34,"column":77}},"type":"binary-expr","locations":[{"start":{"line":34,"column":24},"end":{"line":34,"column":35}},{"start":{"line":34,"column":40},"end":{"line":34,"column":42}},{"start":{"line":34,"column":47},"end":{"line":34,"column":59}},{"start":{"line":34,"column":63},"end":{"line":34,"column":75}}],"line":34},"23":{"loc":{"start":{"line":35,"column":20},"end":{"line":35,"column":89}},"type":"if","locations":[{"start":{"line":35,"column":20},"end":{"line":35,"column":89}},{"start":{"line":35,"column":20},"end":{"line":35,"column":89}}],"line":35},"24":{"loc":{"start":{"line":35,"column":24},"end":{"line":35,"column":53}},"type":"binary-expr","locations":[{"start":{"line":35,"column":24},"end":{"line":35,"column":35}},{"start":{"line":35,"column":39},"end":{"line":35,"column":53}}],"line":35},"25":{"loc":{"start":{"line":36,"column":20},"end":{"line":36,"column":87}},"type":"if","locations":[{"start":{"line":36,"column":20},"end":{"line":36,"column":87}},{"start":{"line":36,"column":20},"end":{"line":36,"column":87}}],"line":36},"26":{"loc":{"start":{"line":36,"column":24},"end":{"line":36,"column":43}},"type":"binary-expr","locations":[{"start":{"line":36,"column":24},"end":{"line":36,"column":25}},{"start":{"line":36,"column":29},"end":{"line":36,"column":43}}],"line":36},"27":{"loc":{"start":{"line":37,"column":20},"end":{"line":37,"column":42}},"type":"if","locations":[{"start":{"line":37,"column":20},"end":{"line":37,"column":42}},{"start":{"line":37,"column":20},"end":{"line":37,"column":42}}],"line":37},"28":{"loc":{"start":{"line":42,"column":8},"end":{"line":42,"column":35}},"type":"if","locations":[{"start":{"line":42,"column":8},"end":{"line":42,"column":35}},{"start":{"line":42,"column":8},"end":{"line":42,"column":35}}],"line":42},"29":{"loc":{"start":{"line":42,"column":52},"end":{"line":42,"column":74}},"type":"cond-expr","locations":[{"start":{"line":42,"column":60},"end":{"line":42,"column":65}},{"start":{"line":42,"column":68},"end":{"line":42,"column":74}}],"line":42},"30":{"loc":{"start":{"line":55,"column":0},"end":{"line":61,"column":1}},"type":"if","locations":[{"start":{"line":55,"column":0},"end":{"line":61,"column":1}},{"start":{"line":55,"column":0},"end":{"line":61,"column":1}}],"line":55},"31":{"loc":{"start":{"line":55,"column":4},"end":{"line":55,"column":86}},"type":"binary-expr","locations":[{"start":{"line":55,"column":4},"end":{"line":55,"column":33}},{"start":{"line":55,"column":37},"end":{"line":55,"column":51}},{"start":{"line":55,"column":56},"end":{"line":55,"column":85}}],"line":55},"32":{"loc":{"start":{"line":79,"column":16},"end":{"line":95,"column":17}},"type":"switch","locations":[{"start":{"line":80,"column":20},"end":{"line":82,"column":70}},{"start":{"line":83,"column":20},"end":{"line":85,"column":62}},{"start":{"line":86,"column":20},"end":{"line":94,"column":46}}],"line":79},"33":{"loc":{"start":{"line":88,"column":24},"end":{"line":93,"column":25}},"type":"if","locations":[{"start":{"line":88,"column":24},"end":{"line":93,"column":25}},{"start":{"line":88,"column":24},"end":{"line":93,"column":25}}],"line":88},"34":{"loc":{"start":{"line":121,"column":16},"end":{"line":127,"column":17}},"type":"if","locations":[{"start":{"line":121,"column":16},"end":{"line":127,"column":17}},{"start":{"line":121,"column":16},"end":{"line":127,"column":17}}],"line":121},"35":{"loc":{"start":{"line":140,"column":8},"end":{"line":151,"column":9}},"type":"if","locations":[{"start":{"line":140,"column":8},"end":{"line":151,"column":9}},{"start":{"line":140,"column":8},"end":{"line":151,"column":9}}],"line":140},"36":{"loc":{"start":{"line":143,"column":13},"end":{"line":151,"column":9}},"type":"if","locations":[{"start":{"line":143,"column":13},"end":{"line":151,"column":9}},{"start":{"line":143,"column":13},"end":{"line":151,"column":9}}],"line":143},"37":{"loc":{"start":{"line":145,"column":16},"end":{"line":149,"column":17}},"type":"if","locations":[{"start":{"line":145,"column":16},"end":{"line":149,"column":17}},{"start":{"line":145,"column":16},"end":{"line":149,"column":17}}],"line":145},"38":{"loc":{"start":{"line":147,"column":31},"end":{"line":147,"column":72}},"type":"cond-expr","locations":[{"start":{"line":147,"column":63},"end":{"line":147,"column":66}},{"start":{"line":147,"column":69},"end":{"line":147,"column":72}}],"line":147},"39":{"loc":{"start":{"line":231,"column":12},"end":{"line":238,"column":13}},"type":"if","locations":[{"start":{"line":231,"column":12},"end":{"line":238,"column":13}},{"start":{"line":231,"column":12},"end":{"line":238,"column":13}}],"line":231},"40":{"loc":{"start":{"line":232,"column":16},"end":{"line":237,"column":17}},"type":"if","locations":[{"start":{"line":232,"column":16},"end":{"line":237,"column":17}},{"start":{"line":232,"column":16},"end":{"line":237,"column":17}}],"line":232},"41":{"loc":{"start":{"line":249,"column":8},"end":{"line":256,"column":9}},"type":"if","locations":[{"start":{"line":249,"column":8},"end":{"line":256,"column":9}},{"start":{"line":249,"column":8},"end":{"line":256,"column":9}}],"line":249},"42":{"loc":{"start":{"line":253,"column":13},"end":{"line":256,"column":9}},"type":"if","locations":[{"start":{"line":253,"column":13},"end":{"line":256,"column":9}},{"start":{"line":253,"column":13},"end":{"line":256,"column":9}}],"line":253},"43":{"loc":{"start":{"line":264,"column":8},"end":{"line":269,"column":9}},"type":"if","locations":[{"start":{"line":264,"column":8},"end":{"line":269,"column":9}},{"start":{"line":264,"column":8},"end":{"line":269,"column":9}}],"line":264},"44":{"loc":{"start":{"line":286,"column":8},"end":{"line":289,"column":9}},"type":"if","locations":[{"start":{"line":286,"column":8},"end":{"line":289,"column":9}},{"start":{"line":286,"column":8},"end":{"line":289,"column":9}}],"line":286}},"s":{"0":1,"1":0,"2":0,"3":0,"4":0,"5":0,"6":0,"7":1,"8":0,"9":0,"10":0,"11":0,"12":0,"13":0,"14":0,"15":0,"16":0,"17":0,"18":1,"19":0,"20":0,"21":0,"22":0,"23":0,"24":0,"25":0,"26":0,"27":0,"28":0,"29":0,"30":0,"31":0,"32":0,"33":0,"34":0,"35":0,"36":0,"37":0,"38":0,"39":0,"40":0,"41":0,"42":0,"43":0,"44":0,"45":0,"46":0,"47":0,"48":0,"49":0,"50":0,"51":0,"52":0,"53":0,"54":0,"55":0,"56":0,"57":0,"58":0,"59":0,"60":0,"61":0,"62":0,"63":0,"64":0,"65":0,"66":0,"67":0,"68":0,"69":0,"70":0,"71":0,"72":1,"73":1,"74":1,"75":1,"76":1,"77":1,"78":1,"79":1,"80":1,"81":1,"82":1,"83":0,"84":1,"85":4,"86":4,"87":1,"88":0,"89":0,"90":0,"91":0,"92":0,"93":0,"94":0,"95":0,"96":0,"97":0,"98":0,"99":0,"100":1,"101":0,"102":0,"103":0,"104":0,"105":0,"106":0,"107":0,"108":0,"109":0,"110":0,"111":0,"112":0,"113":0,"114":0,"115":0,"116":0,"117":0,"118":0,"119":0,"120":0,"121":0,"122":0,"123":1,"124":0,"125":0,"126":0,"127":0,"128":0,"129":0,"130":0,"131":0,"132":0,"133":0,"134":1,"135":0,"136":0,"137":1,"138":0,"139":0,"140":1,"141":0,"142":0,"143":1,"144":0,"145":1,"146":0,"147":1,"148":0,"149":1,"150":0,"151":0,"152":0,"153":0,"154":0,"155":0,"156":0,"157":0,"158":1,"159":0,"160":0,"161":0,"162":0,"163":0,"164":0,"165":0,"166":1,"167":4,"168":2,"169":2,"170":1,"171":0,"172":0,"173":0,"174":1,"175":0,"176":0,"177":0,"178":0,"179":0,"180":1,"181":0,"182":1,"183":1},"f":{"0":0,"1":0,"2":0,"3":0,"4":0,"5":0,"6":0,"7":0,"8":0,"9":0,"10":0,"11":0,"12":0,"13":1,"14":4,"15":0,"16":0,"17":0,"18":0,"19":0,"20":0,"21":0,"22":0,"23":0,"24":0,"25":0,"26":0,"27":0,"28":0,"29":0,"30":0,"31":0,"32":0,"33":0,"34":0,"35":0,"36":0,"37":0,"38":0,"39":4,"40":0,"41":0,"42":0},"b":{"0":[1,1,1,0],"1":[0,0],"2":[1,1,1],"3":[0,0],"4":[0,0],"5":[0,0],"6":[1,1,1],"7":[0,0],"8":[0,0],"9":[0,0],"10":[0,0],"11":[0,0,0],"12":[0,0],"13":[0,0],"14":[0,0],"15":[0,0],"16":[0,0],"17":[0,0,0,0,0,0],"18":[0,0],"19":[0,0,0],"20":[0,0],"21":[0,0],"22":[0,0,0,0],"23":[0,0],"24":[0,0],"25":[0,0],"26":[0,0],"27":[0,0],"28":[0,0],"29":[0,0],"30":[1,0],"31":[1,1,1],"32":[0,0,0],"33":[0,0],"34":[0,0],"35":[0,0],"36":[0,0],"37":[0,0],"38":[0,0],"39":[0,0],"40":[0,0],"41":[0,0],"42":[0,0],"43":[2,2],"44":[0,0]},"_coverageSchema":"43e27e138ebf9cfc5966b082cf9a028302ed4184","hash":"14d54170290c392c78942eeeb2cb55d1933a3d21","contentHash":"7ecba644822f80510b4492e8193e66a4"},"/home/dh/Projects/trustlines-network/clientlib/src/signers/LightwalletSigner.ts":{"path":"/home/dh/Projects/trustlines-network/clientlib/src/signers/LightwalletSigner.ts","statementMap":{"0":{"start":{"line":2,"column":15},"end":{"line":9,"column":1}},"1":{"start":{"line":3,"column":4},"end":{"line":7,"column":5}},"2":{"start":{"line":4,"column":8},"end":{"line":4,"column":25}},"3":{"start":{"line":5,"column":8},"end":{"line":6,"column":24}},"4":{"start":{"line":5,"column":25},"end":{"line":6,"column":24}},"5":{"start":{"line":6,"column":12},"end":{"line":6,"column":24}},"6":{"start":{"line":8,"column":4},"end":{"line":8,"column":13}},"7":{"start":{"line":10,"column":16},"end":{"line":17,"column":1}},"8":{"start":{"line":11,"column":4},"end":{"line":16,"column":7}},"9":{"start":{"line":12,"column":36},"end":{"line":12,"column":97}},"10":{"start":{"line":12,"column":42},"end":{"line":12,"column":70}},"11":{"start":{"line":12,"column":85},"end":{"line":12,"column":95}},"12":{"start":{"line":13,"column":35},"end":{"line":13,"column":100}},"13":{"start":{"line":13,"column":41},"end":{"line":13,"column":73}},"14":{"start":{"line":13,"column":88},"end":{"line":13,"column":98}},"15":{"start":{"line":14,"column":32},"end":{"line":14,"column":149}},"16":{"start":{"line":14,"column":97},"end":{"line":14,"column":119}},"17":{"start":{"line":15,"column":8},"end":{"line":15,"column":78}},"18":{"start":{"line":18,"column":18},"end":{"line":44,"column":1}},"19":{"start":{"line":19,"column":12},"end":{"line":19,"column":104}},"20":{"start":{"line":19,"column":43},"end":{"line":19,"column":68}},"21":{"start":{"line":19,"column":57},"end":{"line":19,"column":68}},"22":{"start":{"line":19,"column":69},"end":{"line":19,"column":81}},"23":{"start":{"line":20,"column":4},"end":{"line":20,"column":157}},"24":{"start":{"line":20,"column":138},"end":{"line":20,"column":150}},"25":{"start":{"line":21,"column":23},"end":{"line":21,"column":68}},"26":{"start":{"line":21,"column":45},"end":{"line":21,"column":65}},"27":{"start":{"line":23,"column":8},"end":{"line":23,"column":70}},"28":{"start":{"line":23,"column":15},"end":{"line":23,"column":70}},"29":{"start":{"line":24,"column":8},"end":{"line":41,"column":66}},"30":{"start":{"line":24,"column":18},"end":{"line":41,"column":66}},"31":{"start":{"line":25,"column":12},"end":{"line":25,"column":169}},"32":{"start":{"line":25,"column":160},"end":{"line":25,"column":169}},"33":{"start":{"line":26,"column":12},"end":{"line":26,"column":52}},"34":{"start":{"line":26,"column":26},"end":{"line":26,"column":52}},"35":{"start":{"line":27,"column":12},"end":{"line":39,"column":13}},"36":{"start":{"line":28,"column":32},"end":{"line":28,"column":39}},"37":{"start":{"line":28,"column":40},"end":{"line":28,"column":46}},"38":{"start":{"line":29,"column":24},"end":{"line":29,"column":34}},"39":{"start":{"line":29,"column":35},"end":{"line":29,"column":72}},"40":{"start":{"line":30,"column":24},"end":{"line":30,"column":34}},"41":{"start":{"line":30,"column":35},"end":{"line":30,"column":45}},"42":{"start":{"line":30,"column":46},"end":{"line":30,"column":55}},"43":{"start":{"line":30,"column":56},"end":{"line":30,"column":65}},"44":{"start":{"line":31,"column":24},"end":{"line":31,"column":41}},"45":{"start":{"line":31,"column":42},"end":{"line":31,"column":55}},"46":{"start":{"line":31,"column":56},"end":{"line":31,"column":65}},"47":{"start":{"line":33,"column":20},"end":{"line":33,"column":128}},"48":{"start":{"line":33,"column":110},"end":{"line":33,"column":116}},"49":{"start":{"line":33,"column":117},"end":{"line":33,"column":126}},"50":{"start":{"line":34,"column":20},"end":{"line":34,"column":106}},"51":{"start":{"line":34,"column":81},"end":{"line":34,"column":97}},"52":{"start":{"line":34,"column":98},"end":{"line":34,"column":104}},"53":{"start":{"line":35,"column":20},"end":{"line":35,"column":89}},"54":{"start":{"line":35,"column":57},"end":{"line":35,"column":72}},"55":{"start":{"line":35,"column":73},"end":{"line":35,"column":80}},"56":{"start":{"line":35,"column":81},"end":{"line":35,"column":87}},"57":{"start":{"line":36,"column":20},"end":{"line":36,"column":87}},"58":{"start":{"line":36,"column":47},"end":{"line":36,"column":62}},"59":{"start":{"line":36,"column":63},"end":{"line":36,"column":78}},"60":{"start":{"line":36,"column":79},"end":{"line":36,"column":85}},"61":{"start":{"line":37,"column":20},"end":{"line":37,"column":42}},"62":{"start":{"line":37,"column":30},"end":{"line":37,"column":42}},"63":{"start":{"line":38,"column":20},"end":{"line":38,"column":33}},"64":{"start":{"line":38,"column":34},"end":{"line":38,"column":43}},"65":{"start":{"line":40,"column":12},"end":{"line":40,"column":39}},"66":{"start":{"line":41,"column":22},"end":{"line":41,"column":34}},"67":{"start":{"line":41,"column":35},"end":{"line":41,"column":41}},"68":{"start":{"line":41,"column":54},"end":{"line":41,"column":64}},"69":{"start":{"line":42,"column":8},"end":{"line":42,"column":35}},"70":{"start":{"line":42,"column":23},"end":{"line":42,"column":35}},"71":{"start":{"line":42,"column":36},"end":{"line":42,"column":89}},"72":{"start":{"line":45,"column":0},"end":{"line":45,"column":62}},"73":{"start":{"line":46,"column":21},"end":{"line":46,"column":44}},"74":{"start":{"line":47,"column":15},"end":{"line":47,"column":41}},"75":{"start":{"line":51,"column":39},"end":{"line":447,"column":3}},"76":{"start":{"line":53,"column":8},"end":{"line":53,"column":30}},"77":{"start":{"line":54,"column":8},"end":{"line":54,"column":48}},"78":{"start":{"line":55,"column":8},"end":{"line":55,"column":76}},"79":{"start":{"line":56,"column":8},"end":{"line":56,"column":40}},"80":{"start":{"line":57,"column":8},"end":{"line":57,"column":28}},"81":{"start":{"line":63,"column":4},"end":{"line":82,"column":6}},"82":{"start":{"line":64,"column":8},"end":{"line":81,"column":11}},"83":{"start":{"line":66,"column":12},"end":{"line":80,"column":15}},"84":{"start":{"line":67,"column":16},"end":{"line":79,"column":17}},"85":{"start":{"line":68,"column":28},"end":{"line":68,"column":71}},"86":{"start":{"line":70,"column":24},"end":{"line":70,"column":105}},"87":{"start":{"line":71,"column":24},"end":{"line":71,"column":47}},"88":{"start":{"line":72,"column":24},"end":{"line":72,"column":49}},"89":{"start":{"line":73,"column":24},"end":{"line":73,"column":45}},"90":{"start":{"line":74,"column":24},"end":{"line":78,"column":31}},"91":{"start":{"line":88,"column":4},"end":{"line":116,"column":6}},"92":{"start":{"line":89,"column":8},"end":{"line":115,"column":11}},"93":{"start":{"line":91,"column":12},"end":{"line":114,"column":15}},"94":{"start":{"line":92,"column":16},"end":{"line":113,"column":17}},"95":{"start":{"line":94,"column":24},"end":{"line":94,"column":72}},"96":{"start":{"line":95,"column":24},"end":{"line":95,"column":83}},"97":{"start":{"line":95,"column":59},"end":{"line":95,"column":83}},"98":{"start":{"line":96,"column":24},"end":{"line":96,"column":83}},"99":{"start":{"line":98,"column":24},"end":{"line":98,"column":55}},"100":{"start":{"line":99,"column":24},"end":{"line":99,"column":37}},"101":{"start":{"line":101,"column":24},"end":{"line":101,"column":98}},"102":{"start":{"line":102,"column":24},"end":{"line":102,"column":80}},"103":{"start":{"line":104,"column":24},"end":{"line":104,"column":105}},"104":{"start":{"line":105,"column":24},"end":{"line":105,"column":47}},"105":{"start":{"line":106,"column":24},"end":{"line":106,"column":49}},"106":{"start":{"line":107,"column":24},"end":{"line":107,"column":45}},"107":{"start":{"line":108,"column":24},"end":{"line":112,"column":31}},"108":{"start":{"line":121,"column":4},"end":{"line":149,"column":6}},"109":{"start":{"line":122,"column":20},"end":{"line":122,"column":24}},"110":{"start":{"line":123,"column":8},"end":{"line":148,"column":11}},"111":{"start":{"line":124,"column":12},"end":{"line":126,"column":13}},"112":{"start":{"line":125,"column":16},"end":{"line":125,"column":57}},"113":{"start":{"line":127,"column":12},"end":{"line":147,"column":15}},"114":{"start":{"line":128,"column":16},"end":{"line":130,"column":17}},"115":{"start":{"line":129,"column":20},"end":{"line":129,"column":39}},"116":{"start":{"line":131,"column":16},"end":{"line":146,"column":17}},"117":{"start":{"line":132,"column":38},"end":{"line":132,"column":64}},"118":{"start":{"line":133,"column":46},"end":{"line":133,"column":87}},"119":{"start":{"line":134,"column":36},"end":{"line":134,"column":176}},"120":{"start":{"line":135,"column":20},"end":{"line":142,"column":23}},"121":{"start":{"line":145,"column":20},"end":{"line":145,"column":34}},"122":{"start":{"line":153,"column":4},"end":{"line":169,"column":6}},"123":{"start":{"line":154,"column":8},"end":{"line":168,"column":11}},"124":{"start":{"line":156,"column":12},"end":{"line":167,"column":15}},"125":{"start":{"line":157,"column":16},"end":{"line":166,"column":17}},"126":{"start":{"line":159,"column":24},"end":{"line":161,"column":25}},"127":{"start":{"line":160,"column":28},"end":{"line":160,"column":59}},"128":{"start":{"line":162,"column":24},"end":{"line":162,"column":105}},"129":{"start":{"line":164,"column":24},"end":{"line":164,"column":44}},"130":{"start":{"line":165,"column":24},"end":{"line":165,"column":112}},"131":{"start":{"line":175,"column":4},"end":{"line":194,"column":6}},"132":{"start":{"line":176,"column":20},"end":{"line":176,"column":24}},"133":{"start":{"line":177,"column":8},"end":{"line":193,"column":11}},"134":{"start":{"line":178,"column":12},"end":{"line":180,"column":13}},"135":{"start":{"line":179,"column":16},"end":{"line":179,"column":57}},"136":{"start":{"line":181,"column":12},"end":{"line":192,"column":15}},"137":{"start":{"line":182,"column":16},"end":{"line":184,"column":17}},"138":{"start":{"line":183,"column":20},"end":{"line":183,"column":39}},"139":{"start":{"line":185,"column":16},"end":{"line":191,"column":17}},"140":{"start":{"line":186,"column":36},"end":{"line":186,"column":163}},"141":{"start":{"line":187,"column":20},"end":{"line":187,"column":39}},"142":{"start":{"line":190,"column":20},"end":{"line":190,"column":34}},"143":{"start":{"line":200,"column":4},"end":{"line":219,"column":6}},"144":{"start":{"line":201,"column":20},"end":{"line":201,"column":24}},"145":{"start":{"line":202,"column":8},"end":{"line":218,"column":11}},"146":{"start":{"line":203,"column":12},"end":{"line":205,"column":13}},"147":{"start":{"line":204,"column":16},"end":{"line":204,"column":57}},"148":{"start":{"line":206,"column":12},"end":{"line":217,"column":15}},"149":{"start":{"line":207,"column":16},"end":{"line":209,"column":17}},"150":{"start":{"line":208,"column":20},"end":{"line":208,"column":39}},"151":{"start":{"line":210,"column":16},"end":{"line":216,"column":17}},"152":{"start":{"line":211,"column":39},"end":{"line":211,"column":167}},"153":{"start":{"line":212,"column":20},"end":{"line":212,"column":42}},"154":{"start":{"line":215,"column":20},"end":{"line":215,"column":34}},"155":{"start":{"line":223,"column":4},"end":{"line":242,"column":6}},"156":{"start":{"line":224,"column":20},"end":{"line":224,"column":24}},"157":{"start":{"line":225,"column":8},"end":{"line":241,"column":11}},"158":{"start":{"line":226,"column":12},"end":{"line":228,"column":13}},"159":{"start":{"line":227,"column":16},"end":{"line":227,"column":57}},"160":{"start":{"line":229,"column":12},"end":{"line":240,"column":15}},"161":{"start":{"line":230,"column":16},"end":{"line":232,"column":17}},"162":{"start":{"line":231,"column":20},"end":{"line":231,"column":39}},"163":{"start":{"line":233,"column":16},"end":{"line":239,"column":17}},"164":{"start":{"line":234,"column":31},"end":{"line":234,"column":67}},"165":{"start":{"line":235,"column":20},"end":{"line":235,"column":34}},"166":{"start":{"line":238,"column":20},"end":{"line":238,"column":34}},"167":{"start":{"line":246,"column":4},"end":{"line":265,"column":6}},"168":{"start":{"line":247,"column":20},"end":{"line":247,"column":24}},"169":{"start":{"line":248,"column":8},"end":{"line":264,"column":11}},"170":{"start":{"line":249,"column":12},"end":{"line":251,"column":13}},"171":{"start":{"line":250,"column":16},"end":{"line":250,"column":57}},"172":{"start":{"line":252,"column":12},"end":{"line":263,"column":15}},"173":{"start":{"line":253,"column":16},"end":{"line":255,"column":17}},"174":{"start":{"line":254,"column":20},"end":{"line":254,"column":39}},"175":{"start":{"line":256,"column":16},"end":{"line":262,"column":17}},"176":{"start":{"line":257,"column":37},"end":{"line":257,"column":111}},"177":{"start":{"line":258,"column":20},"end":{"line":258,"column":40}},"178":{"start":{"line":261,"column":20},"end":{"line":261,"column":34}},"179":{"start":{"line":270,"column":4},"end":{"line":289,"column":6}},"180":{"start":{"line":271,"column":8},"end":{"line":288,"column":11}},"181":{"start":{"line":273,"column":12},"end":{"line":287,"column":15}},"182":{"start":{"line":274,"column":16},"end":{"line":286,"column":17}},"183":{"start":{"line":275,"column":28},"end":{"line":275,"column":75}},"184":{"start":{"line":277,"column":24},"end":{"line":277,"column":105}},"185":{"start":{"line":278,"column":24},"end":{"line":278,"column":47}},"186":{"start":{"line":279,"column":24},"end":{"line":279,"column":49}},"187":{"start":{"line":280,"column":24},"end":{"line":280,"column":45}},"188":{"start":{"line":281,"column":24},"end":{"line":285,"column":31}},"189":{"start":{"line":295,"column":4},"end":{"line":321,"column":6}},"190":{"start":{"line":296,"column":8},"end":{"line":320,"column":11}},"191":{"start":{"line":298,"column":12},"end":{"line":319,"column":15}},"192":{"start":{"line":299,"column":16},"end":{"line":318,"column":17}},"193":{"start":{"line":301,"column":24},"end":{"line":303,"column":25}},"194":{"start":{"line":302,"column":28},"end":{"line":302,"column":92}},"195":{"start":{"line":304,"column":24},"end":{"line":304,"column":260}},"196":{"start":{"line":305,"column":24},"end":{"line":307,"column":25}},"197":{"start":{"line":306,"column":28},"end":{"line":306,"column":70}},"198":{"start":{"line":308,"column":24},"end":{"line":313,"column":25}},"199":{"start":{"line":309,"column":28},"end":{"line":309,"column":178}},"200":{"start":{"line":312,"column":28},"end":{"line":312,"column":81}},"201":{"start":{"line":314,"column":24},"end":{"line":314,"column":66}},"202":{"start":{"line":316,"column":24},"end":{"line":316,"column":45}},"203":{"start":{"line":317,"column":24},"end":{"line":317,"column":71}},"204":{"start":{"line":328,"column":4},"end":{"line":346,"column":6}},"205":{"start":{"line":329,"column":8},"end":{"line":345,"column":11}},"206":{"start":{"line":331,"column":12},"end":{"line":344,"column":15}},"207":{"start":{"line":332,"column":16},"end":{"line":343,"column":17}},"208":{"start":{"line":334,"column":24},"end":{"line":334,"column":71}},"209":{"start":{"line":335,"column":24},"end":{"line":335,"column":77}},"210":{"start":{"line":337,"column":24},"end":{"line":337,"column":103}},"211":{"start":{"line":338,"column":24},"end":{"line":342,"column":31}},"212":{"start":{"line":351,"column":4},"end":{"line":359,"column":6}},"213":{"start":{"line":352,"column":22},"end":{"line":352,"column":73}},"214":{"start":{"line":353,"column":22},"end":{"line":357,"column":9}},"215":{"start":{"line":358,"column":8},"end":{"line":358,"column":54}},"216":{"start":{"line":364,"column":4},"end":{"line":375,"column":6}},"217":{"start":{"line":365,"column":20},"end":{"line":365,"column":24}},"218":{"start":{"line":366,"column":8},"end":{"line":374,"column":11}},"219":{"start":{"line":367,"column":12},"end":{"line":373,"column":15}},"220":{"start":{"line":368,"column":16},"end":{"line":370,"column":17}},"221":{"start":{"line":369,"column":20},"end":{"line":369,"column":39}},"222":{"start":{"line":371,"column":16},"end":{"line":372,"column":19}},"223":{"start":{"line":380,"column":4},"end":{"line":395,"column":6}},"224":{"start":{"line":381,"column":20},"end":{"line":381,"column":24}},"225":{"start":{"line":382,"column":8},"end":{"line":394,"column":11}},"226":{"start":{"line":383,"column":12},"end":{"line":393,"column":15}},"227":{"start":{"line":388,"column":16},"end":{"line":390,"column":17}},"228":{"start":{"line":389,"column":20},"end":{"line":389,"column":39}},"229":{"start":{"line":391,"column":30},"end":{"line":391,"column":60}},"230":{"start":{"line":392,"column":16},"end":{"line":392,"column":33}},"231":{"start":{"line":400,"column":4},"end":{"line":422,"column":6}},"232":{"start":{"line":401,"column":20},"end":{"line":401,"column":24}},"233":{"start":{"line":402,"column":8},"end":{"line":421,"column":11}},"234":{"start":{"line":403,"column":12},"end":{"line":420,"column":15}},"235":{"start":{"line":404,"column":16},"end":{"line":406,"column":17}},"236":{"start":{"line":405,"column":20},"end":{"line":405,"column":39}},"237":{"start":{"line":407,"column":16},"end":{"line":419,"column":17}},"238":{"start":{"line":408,"column":20},"end":{"line":408,"column":62}},"239":{"start":{"line":409,"column":34},"end":{"line":409,"column":60}},"240":{"start":{"line":410,"column":33},"end":{"line":410,"column":117}},"241":{"start":{"line":411,"column":20},"end":{"line":415,"column":23}},"242":{"start":{"line":418,"column":20},"end":{"line":418,"column":34}},"243":{"start":{"line":427,"column":4},"end":{"line":439,"column":6}},"244":{"start":{"line":428,"column":20},"end":{"line":428,"column":24}},"245":{"start":{"line":429,"column":8},"end":{"line":438,"column":11}},"246":{"start":{"line":431,"column":12},"end":{"line":431,"column":62}},"247":{"start":{"line":432,"column":12},"end":{"line":437,"column":15}},"248":{"start":{"line":433,"column":16},"end":{"line":435,"column":17}},"249":{"start":{"line":434,"column":20},"end":{"line":434,"column":39}},"250":{"start":{"line":436,"column":16},"end":{"line":436,"column":39}},"251":{"start":{"line":443,"column":4},"end":{"line":445,"column":6}},"252":{"start":{"line":444,"column":8},"end":{"line":444,"column":60}},"253":{"start":{"line":446,"column":4},"end":{"line":446,"column":29}},"254":{"start":{"line":448,"column":0},"end":{"line":448,"column":46}}},"fnMap":{"0":{"name":"(anonymous_0)","decl":{"start":{"line":2,"column":59},"end":{"line":2,"column":60}},"loc":{"start":{"line":2,"column":71},"end":{"line":9,"column":1}},"line":2},"1":{"name":"(anonymous_1)","decl":{"start":{"line":10,"column":44},"end":{"line":10,"column":45}},"loc":{"start":{"line":10,"column":89},"end":{"line":17,"column":1}},"line":10},"2":{"name":"(anonymous_2)","decl":{"start":{"line":11,"column":36},"end":{"line":11,"column":37}},"loc":{"start":{"line":11,"column":63},"end":{"line":16,"column":5}},"line":11},"3":{"name":"fulfilled","decl":{"start":{"line":12,"column":17},"end":{"line":12,"column":26}},"loc":{"start":{"line":12,"column":34},"end":{"line":12,"column":99}},"line":12},"4":{"name":"rejected","decl":{"start":{"line":13,"column":17},"end":{"line":13,"column":25}},"loc":{"start":{"line":13,"column":33},"end":{"line":13,"column":102}},"line":13},"5":{"name":"step","decl":{"start":{"line":14,"column":17},"end":{"line":14,"column":21}},"loc":{"start":{"line":14,"column":30},"end":{"line":14,"column":151}},"line":14},"6":{"name":"(anonymous_6)","decl":{"start":{"line":14,"column":76},"end":{"line":14,"column":77}},"loc":{"start":{"line":14,"column":95},"end":{"line":14,"column":121}},"line":14},"7":{"name":"(anonymous_7)","decl":{"start":{"line":18,"column":48},"end":{"line":18,"column":49}},"loc":{"start":{"line":18,"column":73},"end":{"line":44,"column":1}},"line":18},"8":{"name":"(anonymous_8)","decl":{"start":{"line":19,"column":30},"end":{"line":19,"column":31}},"loc":{"start":{"line":19,"column":41},"end":{"line":19,"column":83}},"line":19},"9":{"name":"(anonymous_9)","decl":{"start":{"line":20,"column":125},"end":{"line":20,"column":126}},"loc":{"start":{"line":20,"column":136},"end":{"line":20,"column":152}},"line":20},"10":{"name":"verb","decl":{"start":{"line":21,"column":13},"end":{"line":21,"column":17}},"loc":{"start":{"line":21,"column":21},"end":{"line":21,"column":70}},"line":21},"11":{"name":"(anonymous_11)","decl":{"start":{"line":21,"column":30},"end":{"line":21,"column":31}},"loc":{"start":{"line":21,"column":43},"end":{"line":21,"column":67}},"line":21},"12":{"name":"step","decl":{"start":{"line":22,"column":13},"end":{"line":22,"column":17}},"loc":{"start":{"line":22,"column":22},"end":{"line":43,"column":5}},"line":22},"13":{"name":"(anonymous_13)","decl":{"start":{"line":51,"column":39},"end":{"line":51,"column":40}},"loc":{"start":{"line":51,"column":51},"end":{"line":447,"column":1}},"line":51},"14":{"name":"LightwalletSigner","decl":{"start":{"line":52,"column":13},"end":{"line":52,"column":30}},"loc":{"start":{"line":52,"column":51},"end":{"line":58,"column":5}},"line":52},"15":{"name":"(anonymous_15)","decl":{"start":{"line":63,"column":48},"end":{"line":63,"column":49}},"loc":{"start":{"line":63,"column":60},"end":{"line":82,"column":5}},"line":63},"16":{"name":"(anonymous_16)","decl":{"start":{"line":64,"column":47},"end":{"line":64,"column":48}},"loc":{"start":{"line":64,"column":59},"end":{"line":81,"column":9}},"line":64},"17":{"name":"(anonymous_17)","decl":{"start":{"line":66,"column":37},"end":{"line":66,"column":38}},"loc":{"start":{"line":66,"column":51},"end":{"line":80,"column":13}},"line":66},"18":{"name":"(anonymous_18)","decl":{"start":{"line":88,"column":46},"end":{"line":88,"column":47}},"loc":{"start":{"line":88,"column":76},"end":{"line":116,"column":5}},"line":88},"19":{"name":"(anonymous_19)","decl":{"start":{"line":89,"column":47},"end":{"line":89,"column":48}},"loc":{"start":{"line":89,"column":59},"end":{"line":115,"column":9}},"line":89},"20":{"name":"(anonymous_20)","decl":{"start":{"line":91,"column":37},"end":{"line":91,"column":38}},"loc":{"start":{"line":91,"column":51},"end":{"line":114,"column":13}},"line":91},"21":{"name":"(anonymous_21)","decl":{"start":{"line":121,"column":46},"end":{"line":121,"column":47}},"loc":{"start":{"line":121,"column":65},"end":{"line":149,"column":5}},"line":121},"22":{"name":"(anonymous_22)","decl":{"start":{"line":123,"column":27},"end":{"line":123,"column":28}},"loc":{"start":{"line":123,"column":54},"end":{"line":148,"column":9}},"line":123},"23":{"name":"(anonymous_23)","decl":{"start":{"line":127,"column":60},"end":{"line":127,"column":61}},"loc":{"start":{"line":127,"column":89},"end":{"line":147,"column":13}},"line":127},"24":{"name":"(anonymous_24)","decl":{"start":{"line":153,"column":45},"end":{"line":153,"column":46}},"loc":{"start":{"line":153,"column":57},"end":{"line":169,"column":5}},"line":153},"25":{"name":"(anonymous_25)","decl":{"start":{"line":154,"column":47},"end":{"line":154,"column":48}},"loc":{"start":{"line":154,"column":59},"end":{"line":168,"column":9}},"line":154},"26":{"name":"(anonymous_26)","decl":{"start":{"line":156,"column":37},"end":{"line":156,"column":38}},"loc":{"start":{"line":156,"column":51},"end":{"line":167,"column":13}},"line":156},"27":{"name":"(anonymous_27)","decl":{"start":{"line":175,"column":42},"end":{"line":175,"column":43}},"loc":{"start":{"line":175,"column":70},"end":{"line":194,"column":5}},"line":175},"28":{"name":"(anonymous_28)","decl":{"start":{"line":177,"column":27},"end":{"line":177,"column":28}},"loc":{"start":{"line":177,"column":54},"end":{"line":193,"column":9}},"line":177},"29":{"name":"(anonymous_29)","decl":{"start":{"line":181,"column":60},"end":{"line":181,"column":61}},"loc":{"start":{"line":181,"column":89},"end":{"line":192,"column":13}},"line":181},"30":{"name":"(anonymous_30)","decl":{"start":{"line":200,"column":42},"end":{"line":200,"column":43}},"loc":{"start":{"line":200,"column":73},"end":{"line":219,"column":5}},"line":200},"31":{"name":"(anonymous_31)","decl":{"start":{"line":202,"column":27},"end":{"line":202,"column":28}},"loc":{"start":{"line":202,"column":54},"end":{"line":218,"column":9}},"line":202},"32":{"name":"(anonymous_32)","decl":{"start":{"line":206,"column":60},"end":{"line":206,"column":61}},"loc":{"start":{"line":206,"column":89},"end":{"line":217,"column":13}},"line":206},"33":{"name":"(anonymous_33)","decl":{"start":{"line":223,"column":43},"end":{"line":223,"column":44}},"loc":{"start":{"line":223,"column":55},"end":{"line":242,"column":5}},"line":223},"34":{"name":"(anonymous_34)","decl":{"start":{"line":225,"column":27},"end":{"line":225,"column":28}},"loc":{"start":{"line":225,"column":54},"end":{"line":241,"column":9}},"line":225},"35":{"name":"(anonymous_35)","decl":{"start":{"line":229,"column":60},"end":{"line":229,"column":61}},"loc":{"start":{"line":229,"column":89},"end":{"line":240,"column":13}},"line":229},"36":{"name":"(anonymous_36)","decl":{"start":{"line":246,"column":51},"end":{"line":246,"column":52}},"loc":{"start":{"line":246,"column":63},"end":{"line":265,"column":5}},"line":246},"37":{"name":"(anonymous_37)","decl":{"start":{"line":248,"column":27},"end":{"line":248,"column":28}},"loc":{"start":{"line":248,"column":54},"end":{"line":264,"column":9}},"line":248},"38":{"name":"(anonymous_38)","decl":{"start":{"line":252,"column":60},"end":{"line":252,"column":61}},"loc":{"start":{"line":252,"column":89},"end":{"line":263,"column":13}},"line":252},"39":{"name":"(anonymous_39)","decl":{"start":{"line":270,"column":50},"end":{"line":270,"column":51}},"loc":{"start":{"line":270,"column":66},"end":{"line":289,"column":5}},"line":270},"40":{"name":"(anonymous_40)","decl":{"start":{"line":271,"column":47},"end":{"line":271,"column":48}},"loc":{"start":{"line":271,"column":59},"end":{"line":288,"column":9}},"line":271},"41":{"name":"(anonymous_41)","decl":{"start":{"line":273,"column":37},"end":{"line":273,"column":38}},"loc":{"start":{"line":273,"column":51},"end":{"line":287,"column":13}},"line":273},"42":{"name":"(anonymous_42)","decl":{"start":{"line":295,"column":42},"end":{"line":295,"column":43}},"loc":{"start":{"line":295,"column":59},"end":{"line":321,"column":5}},"line":295},"43":{"name":"(anonymous_43)","decl":{"start":{"line":296,"column":47},"end":{"line":296,"column":48}},"loc":{"start":{"line":296,"column":59},"end":{"line":320,"column":9}},"line":296},"44":{"name":"(anonymous_44)","decl":{"start":{"line":298,"column":37},"end":{"line":298,"column":38}},"loc":{"start":{"line":298,"column":51},"end":{"line":319,"column":13}},"line":298},"45":{"name":"(anonymous_45)","decl":{"start":{"line":328,"column":45},"end":{"line":328,"column":46}},"loc":{"start":{"line":328,"column":68},"end":{"line":346,"column":5}},"line":328},"46":{"name":"(anonymous_46)","decl":{"start":{"line":329,"column":47},"end":{"line":329,"column":48}},"loc":{"start":{"line":329,"column":59},"end":{"line":345,"column":9}},"line":329},"47":{"name":"(anonymous_47)","decl":{"start":{"line":331,"column":37},"end":{"line":331,"column":38}},"loc":{"start":{"line":331,"column":51},"end":{"line":344,"column":13}},"line":331},"48":{"name":"(anonymous_48)","decl":{"start":{"line":351,"column":43},"end":{"line":351,"column":44}},"loc":{"start":{"line":351,"column":63},"end":{"line":359,"column":5}},"line":351},"49":{"name":"(anonymous_49)","decl":{"start":{"line":364,"column":42},"end":{"line":364,"column":43}},"loc":{"start":{"line":364,"column":62},"end":{"line":375,"column":5}},"line":364},"50":{"name":"(anonymous_50)","decl":{"start":{"line":366,"column":27},"end":{"line":366,"column":28}},"loc":{"start":{"line":366,"column":54},"end":{"line":374,"column":9}},"line":366},"51":{"name":"(anonymous_51)","decl":{"start":{"line":367,"column":60},"end":{"line":367,"column":61}},"loc":{"start":{"line":367,"column":89},"end":{"line":373,"column":13}},"line":367},"52":{"name":"(anonymous_52)","decl":{"start":{"line":380,"column":48},"end":{"line":380,"column":49}},"loc":{"start":{"line":380,"column":64},"end":{"line":395,"column":5}},"line":380},"53":{"name":"(anonymous_53)","decl":{"start":{"line":382,"column":27},"end":{"line":382,"column":28}},"loc":{"start":{"line":382,"column":54},"end":{"line":394,"column":9}},"line":382},"54":{"name":"(anonymous_54)","decl":{"start":{"line":387,"column":15},"end":{"line":387,"column":16}},"loc":{"start":{"line":387,"column":40},"end":{"line":393,"column":13}},"line":387},"55":{"name":"(anonymous_55)","decl":{"start":{"line":400,"column":49},"end":{"line":400,"column":50}},"loc":{"start":{"line":400,"column":69},"end":{"line":422,"column":5}},"line":400},"56":{"name":"(anonymous_56)","decl":{"start":{"line":402,"column":27},"end":{"line":402,"column":28}},"loc":{"start":{"line":402,"column":54},"end":{"line":421,"column":9}},"line":402},"57":{"name":"(anonymous_57)","decl":{"start":{"line":403,"column":54},"end":{"line":403,"column":55}},"loc":{"start":{"line":403,"column":83},"end":{"line":420,"column":13}},"line":403},"58":{"name":"(anonymous_58)","decl":{"start":{"line":427,"column":50},"end":{"line":427,"column":51}},"loc":{"start":{"line":427,"column":76},"end":{"line":439,"column":5}},"line":427},"59":{"name":"(anonymous_59)","decl":{"start":{"line":429,"column":27},"end":{"line":429,"column":28}},"loc":{"start":{"line":429,"column":54},"end":{"line":438,"column":9}},"line":429},"60":{"name":"(anonymous_60)","decl":{"start":{"line":432,"column":109},"end":{"line":432,"column":110}},"loc":{"start":{"line":432,"column":139},"end":{"line":437,"column":13}},"line":432},"61":{"name":"(anonymous_61)","decl":{"start":{"line":443,"column":48},"end":{"line":443,"column":49}},"loc":{"start":{"line":443,"column":60},"end":{"line":445,"column":5}},"line":443}},"branchMap":{"0":{"loc":{"start":{"line":2,"column":15},"end":{"line":9,"column":1}},"type":"binary-expr","locations":[{"start":{"line":2,"column":16},"end":{"line":2,"column":20}},{"start":{"line":2,"column":24},"end":{"line":2,"column":37}},{"start":{"line":2,"column":42},"end":{"line":2,"column":55}},{"start":{"line":2,"column":59},"end":{"line":9,"column":1}}],"line":2},"1":{"loc":{"start":{"line":5,"column":25},"end":{"line":6,"column":24}},"type":"if","locations":[{"start":{"line":5,"column":25},"end":{"line":6,"column":24}},{"start":{"line":5,"column":25},"end":{"line":6,"column":24}}],"line":5},"2":{"loc":{"start":{"line":10,"column":16},"end":{"line":17,"column":1}},"type":"binary-expr","locations":[{"start":{"line":10,"column":17},"end":{"line":10,"column":21}},{"start":{"line":10,"column":25},"end":{"line":10,"column":39}},{"start":{"line":10,"column":44},"end":{"line":17,"column":1}}],"line":10},"3":{"loc":{"start":{"line":11,"column":16},"end":{"line":11,"column":34}},"type":"binary-expr","locations":[{"start":{"line":11,"column":16},"end":{"line":11,"column":17}},{"start":{"line":11,"column":22},"end":{"line":11,"column":33}}],"line":11},"4":{"loc":{"start":{"line":14,"column":32},"end":{"line":14,"column":148}},"type":"cond-expr","locations":[{"start":{"line":14,"column":46},"end":{"line":14,"column":67}},{"start":{"line":14,"column":70},"end":{"line":14,"column":148}}],"line":14},"5":{"loc":{"start":{"line":15,"column":51},"end":{"line":15,"column":67}},"type":"binary-expr","locations":[{"start":{"line":15,"column":51},"end":{"line":15,"column":61}},{"start":{"line":15,"column":65},"end":{"line":15,"column":67}}],"line":15},"6":{"loc":{"start":{"line":18,"column":18},"end":{"line":44,"column":1}},"type":"binary-expr","locations":[{"start":{"line":18,"column":19},"end":{"line":18,"column":23}},{"start":{"line":18,"column":27},"end":{"line":18,"column":43}},{"start":{"line":18,"column":48},"end":{"line":44,"column":1}}],"line":18},"7":{"loc":{"start":{"line":19,"column":43},"end":{"line":19,"column":68}},"type":"if","locations":[{"start":{"line":19,"column":43},"end":{"line":19,"column":68}},{"start":{"line":19,"column":43},"end":{"line":19,"column":68}}],"line":19},"8":{"loc":{"start":{"line":20,"column":71},"end":{"line":20,"column":153}},"type":"binary-expr","locations":[{"start":{"line":20,"column":71},"end":{"line":20,"column":99}},{"start":{"line":20,"column":104},"end":{"line":20,"column":152}}],"line":20},"9":{"loc":{"start":{"line":23,"column":8},"end":{"line":23,"column":70}},"type":"if","locations":[{"start":{"line":23,"column":8},"end":{"line":23,"column":70}},{"start":{"line":23,"column":8},"end":{"line":23,"column":70}}],"line":23},"10":{"loc":{"start":{"line":25,"column":12},"end":{"line":25,"column":169}},"type":"if","locations":[{"start":{"line":25,"column":12},"end":{"line":25,"column":169}},{"start":{"line":25,"column":12},"end":{"line":25,"column":169}}],"line":25},"11":{"loc":{"start":{"line":25,"column":23},"end":{"line":25,"column":158}},"type":"binary-expr","locations":[{"start":{"line":25,"column":23},"end":{"line":25,"column":24}},{"start":{"line":25,"column":29},"end":{"line":25,"column":125}},{"start":{"line":25,"column":130},"end":{"line":25,"column":158}}],"line":25},"12":{"loc":{"start":{"line":25,"column":33},"end":{"line":25,"column":125}},"type":"cond-expr","locations":[{"start":{"line":25,"column":45},"end":{"line":25,"column":56}},{"start":{"line":25,"column":59},"end":{"line":25,"column":125}}],"line":25},"13":{"loc":{"start":{"line":25,"column":59},"end":{"line":25,"column":125}},"type":"cond-expr","locations":[{"start":{"line":25,"column":67},"end":{"line":25,"column":116}},{"start":{"line":25,"column":119},"end":{"line":25,"column":125}}],"line":25},"14":{"loc":{"start":{"line":25,"column":67},"end":{"line":25,"column":116}},"type":"binary-expr","locations":[{"start":{"line":25,"column":67},"end":{"line":25,"column":77}},{"start":{"line":25,"column":82},"end":{"line":25,"column":115}}],"line":25},"15":{"loc":{"start":{"line":25,"column":82},"end":{"line":25,"column":112}},"type":"binary-expr","locations":[{"start":{"line":25,"column":83},"end":{"line":25,"column":98}},{"start":{"line":25,"column":103},"end":{"line":25,"column":112}}],"line":25},"16":{"loc":{"start":{"line":26,"column":12},"end":{"line":26,"column":52}},"type":"if","locations":[{"start":{"line":26,"column":12},"end":{"line":26,"column":52}},{"start":{"line":26,"column":12},"end":{"line":26,"column":52}}],"line":26},"17":{"loc":{"start":{"line":27,"column":12},"end":{"line":39,"column":13}},"type":"switch","locations":[{"start":{"line":28,"column":16},"end":{"line":28,"column":23}},{"start":{"line":28,"column":24},"end":{"line":28,"column":46}},{"start":{"line":29,"column":16},"end":{"line":29,"column":72}},{"start":{"line":30,"column":16},"end":{"line":30,"column":65}},{"start":{"line":31,"column":16},"end":{"line":31,"column":65}},{"start":{"line":32,"column":16},"end":{"line":38,"column":43}}],"line":27},"18":{"loc":{"start":{"line":33,"column":20},"end":{"line":33,"column":128}},"type":"if","locations":[{"start":{"line":33,"column":20},"end":{"line":33,"column":128}},{"start":{"line":33,"column":20},"end":{"line":33,"column":128}}],"line":33},"19":{"loc":{"start":{"line":33,"column":24},"end":{"line":33,"column":106}},"type":"binary-expr","locations":[{"start":{"line":33,"column":24},"end":{"line":33,"column":74}},{"start":{"line":33,"column":79},"end":{"line":33,"column":90}},{"start":{"line":33,"column":94},"end":{"line":33,"column":105}}],"line":33},"20":{"loc":{"start":{"line":33,"column":42},"end":{"line":33,"column":73}},"type":"binary-expr","locations":[{"start":{"line":33,"column":42},"end":{"line":33,"column":54}},{"start":{"line":33,"column":58},"end":{"line":33,"column":73}}],"line":33},"21":{"loc":{"start":{"line":34,"column":20},"end":{"line":34,"column":106}},"type":"if","locations":[{"start":{"line":34,"column":20},"end":{"line":34,"column":106}},{"start":{"line":34,"column":20},"end":{"line":34,"column":106}}],"line":34},"22":{"loc":{"start":{"line":34,"column":24},"end":{"line":34,"column":77}},"type":"binary-expr","locations":[{"start":{"line":34,"column":24},"end":{"line":34,"column":35}},{"start":{"line":34,"column":40},"end":{"line":34,"column":42}},{"start":{"line":34,"column":47},"end":{"line":34,"column":59}},{"start":{"line":34,"column":63},"end":{"line":34,"column":75}}],"line":34},"23":{"loc":{"start":{"line":35,"column":20},"end":{"line":35,"column":89}},"type":"if","locations":[{"start":{"line":35,"column":20},"end":{"line":35,"column":89}},{"start":{"line":35,"column":20},"end":{"line":35,"column":89}}],"line":35},"24":{"loc":{"start":{"line":35,"column":24},"end":{"line":35,"column":53}},"type":"binary-expr","locations":[{"start":{"line":35,"column":24},"end":{"line":35,"column":35}},{"start":{"line":35,"column":39},"end":{"line":35,"column":53}}],"line":35},"25":{"loc":{"start":{"line":36,"column":20},"end":{"line":36,"column":87}},"type":"if","locations":[{"start":{"line":36,"column":20},"end":{"line":36,"column":87}},{"start":{"line":36,"column":20},"end":{"line":36,"column":87}}],"line":36},"26":{"loc":{"start":{"line":36,"column":24},"end":{"line":36,"column":43}},"type":"binary-expr","locations":[{"start":{"line":36,"column":24},"end":{"line":36,"column":25}},{"start":{"line":36,"column":29},"end":{"line":36,"column":43}}],"line":36},"27":{"loc":{"start":{"line":37,"column":20},"end":{"line":37,"column":42}},"type":"if","locations":[{"start":{"line":37,"column":20},"end":{"line":37,"column":42}},{"start":{"line":37,"column":20},"end":{"line":37,"column":42}}],"line":37},"28":{"loc":{"start":{"line":42,"column":8},"end":{"line":42,"column":35}},"type":"if","locations":[{"start":{"line":42,"column":8},"end":{"line":42,"column":35}},{"start":{"line":42,"column":8},"end":{"line":42,"column":35}}],"line":42},"29":{"loc":{"start":{"line":42,"column":52},"end":{"line":42,"column":74}},"type":"cond-expr","locations":[{"start":{"line":42,"column":60},"end":{"line":42,"column":65}},{"start":{"line":42,"column":68},"end":{"line":42,"column":74}}],"line":42},"30":{"loc":{"start":{"line":67,"column":16},"end":{"line":79,"column":17}},"type":"switch","locations":[{"start":{"line":68,"column":20},"end":{"line":68,"column":71}},{"start":{"line":69,"column":20},"end":{"line":78,"column":31}}],"line":67},"31":{"loc":{"start":{"line":92,"column":16},"end":{"line":113,"column":17}},"type":"switch","locations":[{"start":{"line":93,"column":20},"end":{"line":96,"column":83}},{"start":{"line":97,"column":20},"end":{"line":99,"column":37}},{"start":{"line":100,"column":20},"end":{"line":102,"column":80}},{"start":{"line":103,"column":20},"end":{"line":112,"column":31}}],"line":92},"32":{"loc":{"start":{"line":95,"column":24},"end":{"line":95,"column":83}},"type":"if","locations":[{"start":{"line":95,"column":24},"end":{"line":95,"column":83}},{"start":{"line":95,"column":24},"end":{"line":95,"column":83}}],"line":95},"33":{"loc":{"start":{"line":124,"column":12},"end":{"line":126,"column":13}},"type":"if","locations":[{"start":{"line":124,"column":12},"end":{"line":126,"column":13}},{"start":{"line":124,"column":12},"end":{"line":126,"column":13}}],"line":124},"34":{"loc":{"start":{"line":128,"column":16},"end":{"line":130,"column":17}},"type":"if","locations":[{"start":{"line":128,"column":16},"end":{"line":130,"column":17}},{"start":{"line":128,"column":16},"end":{"line":130,"column":17}}],"line":128},"35":{"loc":{"start":{"line":157,"column":16},"end":{"line":166,"column":17}},"type":"switch","locations":[{"start":{"line":158,"column":20},"end":{"line":162,"column":105}},{"start":{"line":163,"column":20},"end":{"line":165,"column":112}}],"line":157},"36":{"loc":{"start":{"line":159,"column":24},"end":{"line":161,"column":25}},"type":"if","locations":[{"start":{"line":159,"column":24},"end":{"line":161,"column":25}},{"start":{"line":159,"column":24},"end":{"line":161,"column":25}}],"line":159},"37":{"loc":{"start":{"line":178,"column":12},"end":{"line":180,"column":13}},"type":"if","locations":[{"start":{"line":178,"column":12},"end":{"line":180,"column":13}},{"start":{"line":178,"column":12},"end":{"line":180,"column":13}}],"line":178},"38":{"loc":{"start":{"line":182,"column":16},"end":{"line":184,"column":17}},"type":"if","locations":[{"start":{"line":182,"column":16},"end":{"line":184,"column":17}},{"start":{"line":182,"column":16},"end":{"line":184,"column":17}}],"line":182},"39":{"loc":{"start":{"line":203,"column":12},"end":{"line":205,"column":13}},"type":"if","locations":[{"start":{"line":203,"column":12},"end":{"line":205,"column":13}},{"start":{"line":203,"column":12},"end":{"line":205,"column":13}}],"line":203},"40":{"loc":{"start":{"line":207,"column":16},"end":{"line":209
[...]
column":15}},"89":{"start":{"line":86,"column":16},"end":{"line":99,"column":17}},"90":{"start":{"line":87,"column":28},"end":{"line":91,"column":28}},"91":{"start":{"line":93,"column":24},"end":{"line":93,"column":89}},"92":{"start":{"line":94,"column":24},"end":{"line":98,"column":31}},"93":{"start":{"line":106,"column":4},"end":{"line":112,"column":6}},"94":{"start":{"line":107,"column":8},"end":{"line":111,"column":11}},"95":{"start":{"line":108,"column":12},"end":{"line":110,"column":15}},"96":{"start":{"line":109,"column":16},"end":{"line":109,"column":79}},"97":{"start":{"line":116,"column":4},"end":{"line":122,"column":6}},"98":{"start":{"line":117,"column":8},"end":{"line":121,"column":11}},"99":{"start":{"line":118,"column":12},"end":{"line":120,"column":15}},"100":{"start":{"line":119,"column":16},"end":{"line":119,"column":79}},"101":{"start":{"line":126,"column":4},"end":{"line":132,"column":6}},"102":{"start":{"line":127,"column":8},"end":{"line":131,"column":11}},"103":{"start":{"line":128,"column":12},"end":{"line":130,"column":15}},"104":{"start":{"line":129,"column":16},"end":{"line":129,"column":79}},"105":{"start":{"line":136,"column":4},"end":{"line":138,"column":6}},"106":{"start":{"line":137,"column":8},"end":{"line":137,"column":71}},"107":{"start":{"line":142,"column":4},"end":{"line":144,"column":6}},"108":{"start":{"line":143,"column":8},"end":{"line":143,"column":71}},"109":{"start":{"line":148,"column":4},"end":{"line":150,"column":6}},"110":{"start":{"line":149,"column":8},"end":{"line":149,"column":71}},"111":{"start":{"line":154,"column":4},"end":{"line":156,"column":6}},"112":{"start":{"line":155,"column":8},"end":{"line":155,"column":71}},"113":{"start":{"line":160,"column":4},"end":{"line":162,"column":6}},"114":{"start":{"line":161,"column":8},"end":{"line":161,"column":71}},"115":{"start":{"line":166,"column":4},"end":{"line":168,"column":6}},"116":{"start":{"line":167,"column":8},"end":{"line":167,"column":71}},"117":{"start":{"line":175,"column":4},"end":{"line":181,"column":6}},"118":{"start":{"line":176,"column":26},"end":{"line":179,"column":13}},"119":{"start":{"line":177,"column":23},"end":{"line":177,"column":30}},"120":{"start":{"line":178,"column":12},"end":{"line":178,"column":41}},"121":{"start":{"line":180,"column":8},"end":{"line":180,"column":72}},"122":{"start":{"line":182,"column":4},"end":{"line":182,"column":22}},"123":{"start":{"line":184,"column":0},"end":{"line":184,"column":32}}},"fnMap":{"0":{"name":"(anonymous_0)","decl":{"start":{"line":2,"column":59},"end":{"line":2,"column":60}},"loc":{"start":{"line":2,"column":71},"end":{"line":9,"column":1}},"line":2},"1":{"name":"(anonymous_1)","decl":{"start":{"line":10,"column":44},"end":{"line":10,"column":45}},"loc":{"start":{"line":10,"column":89},"end":{"line":17,"column":1}},"line":10},"2":{"name":"(anonymous_2)","decl":{"start":{"line":11,"column":36},"end":{"line":11,"column":37}},"loc":{"start":{"line":11,"column":63},"end":{"line":16,"column":5}},"line":11},"3":{"name":"fulfilled","decl":{"start":{"line":12,"column":17},"end":{"line":12,"column":26}},"loc":{"start":{"line":12,"column":34},"end":{"line":12,"column":99}},"line":12},"4":{"name":"rejected","decl":{"start":{"line":13,"column":17},"end":{"line":13,"column":25}},"loc":{"start":{"line":13,"column":33},"end":{"line":13,"column":102}},"line":13},"5":{"name":"step","decl":{"start":{"line":14,"column":17},"end":{"line":14,"column":21}},"loc":{"start":{"line":14,"column":30},"end":{"line":14,"column":151}},"line":14},"6":{"name":"(anonymous_6)","decl":{"start":{"line":14,"column":76},"end":{"line":14,"column":77}},"loc":{"start":{"line":14,"column":95},"end":{"line":14,"column":121}},"line":14},"7":{"name":"(anonymous_7)","decl":{"start":{"line":18,"column":48},"end":{"line":18,"column":49}},"loc":{"start":{"line":18,"column":73},"end":{"line":44,"column":1}},"line":18},"8":{"name":"(anonymous_8)","decl":{"start":{"line":19,"column":30},"end":{"line":19,"column":31}},"loc":{"start":{"line":19,"column":41},"end":{"line":19,"column":83}},"line":19},"9":{"name":"(anonymous_9)","decl":{"start":{"line":20,"column":125},"end":{"line":20,"column":126}},"loc":{"start":{"line":20,"column":136},"end":{"line":20,"column":152}},"line":20},"10":{"name":"verb","decl":{"start":{"line":21,"column":13},"end":{"line":21,"column":17}},"loc":{"start":{"line":21,"column":21},"end":{"line":21,"column":70}},"line":21},"11":{"name":"(anonymous_11)","decl":{"start":{"line":21,"column":30},"end":{"line":21,"column":31}},"loc":{"start":{"line":21,"column":43},"end":{"line":21,"column":67}},"line":21},"12":{"name":"step","decl":{"start":{"line":22,"column":13},"end":{"line":22,"column":17}},"loc":{"start":{"line":22,"column":22},"end":{"line":43,"column":5}},"line":22},"13":{"name":"(anonymous_13)","decl":{"start":{"line":50,"column":32},"end":{"line":50,"column":33}},"loc":{"start":{"line":50,"column":44},"end":{"line":183,"column":1}},"line":50},"14":{"name":"Web3Signer","decl":{"start":{"line":51,"column":13},"end":{"line":51,"column":23}},"loc":{"start":{"line":51,"column":30},"end":{"line":53,"column":5}},"line":51},"15":{"name":"(anonymous_15)","decl":{"start":{"line":58,"column":35},"end":{"line":58,"column":36}},"loc":{"start":{"line":58,"column":52},"end":{"line":75,"column":5}},"line":58},"16":{"name":"(anonymous_16)","decl":{"start":{"line":59,"column":47},"end":{"line":59,"column":48}},"loc":{"start":{"line":59,"column":59},"end":{"line":74,"column":9}},"line":59},"17":{"name":"(anonymous_17)","decl":{"start":{"line":61,"column":37},"end":{"line":61,"column":38}},"loc":{"start":{"line":61,"column":51},"end":{"line":73,"column":13}},"line":61},"18":{"name":"(anonymous_18)","decl":{"start":{"line":82,"column":38},"end":{"line":82,"column":39}},"loc":{"start":{"line":82,"column":61},"end":{"line":102,"column":5}},"line":82},"19":{"name":"(anonymous_19)","decl":{"start":{"line":83,"column":47},"end":{"line":83,"column":48}},"loc":{"start":{"line":83,"column":59},"end":{"line":101,"column":9}},"line":83},"20":{"name":"(anonymous_20)","decl":{"start":{"line":85,"column":37},"end":{"line":85,"column":38}},"loc":{"start":{"line":85,"column":51},"end":{"line":100,"column":13}},"line":85},"21":{"name":"(anonymous_21)","decl":{"start":{"line":106,"column":41},"end":{"line":106,"column":42}},"loc":{"start":{"line":106,"column":53},"end":{"line":112,"column":5}},"line":106},"22":{"name":"(anonymous_22)","decl":{"start":{"line":107,"column":47},"end":{"line":107,"column":48}},"loc":{"start":{"line":107,"column":59},"end":{"line":111,"column":9}},"line":107},"23":{"name":"(anonymous_23)","decl":{"start":{"line":108,"column":37},"end":{"line":108,"column":38}},"loc":{"start":{"line":108,"column":51},"end":{"line":110,"column":13}},"line":108},"24":{"name":"(anonymous_24)","decl":{"start":{"line":116,"column":39},"end":{"line":116,"column":40}},"loc":{"start":{"line":116,"column":51},"end":{"line":122,"column":5}},"line":116},"25":{"name":"(anonymous_25)","decl":{"start":{"line":117,"column":47},"end":{"line":117,"column":48}},"loc":{"start":{"line":117,"column":59},"end":{"line":121,"column":9}},"line":117},"26":{"name":"(anonymous_26)","decl":{"start":{"line":118,"column":37},"end":{"line":118,"column":38}},"loc":{"start":{"line":118,"column":51},"end":{"line":120,"column":13}},"line":118},"27":{"name":"(anonymous_27)","decl":{"start":{"line":126,"column":39},"end":{"line":126,"column":40}},"loc":{"start":{"line":126,"column":51},"end":{"line":132,"column":5}},"line":126},"28":{"name":"(anonymous_28)","decl":{"start":{"line":127,"column":47},"end":{"line":127,"column":48}},"loc":{"start":{"line":127,"column":59},"end":{"line":131,"column":9}},"line":127},"29":{"name":"(anonymous_29)","decl":{"start":{"line":128,"column":37},"end":{"line":128,"column":38}},"loc":{"start":{"line":128,"column":51},"end":{"line":130,"column":13}},"line":128},"30":{"name":"(anonymous_30)","decl":{"start":{"line":136,"column":38},"end":{"line":136,"column":39}},"loc":{"start":{"line":136,"column":50},"end":{"line":138,"column":5}},"line":136},"31":{"name":"(anonymous_31)","decl":{"start":{"line":142,"column":35},"end":{"line":142,"column":36}},"loc":{"start":{"line":142,"column":47},"end":{"line":144,"column":5}},"line":142},"32":{"name":"(anonymous_32)","decl":{"start":{"line":148,"column":35},"end":{"line":148,"column":36}},"loc":{"start":{"line":148,"column":47},"end":{"line":150,"column":5}},"line":148},"33":{"name":"(anonymous_33)","decl":{"start":{"line":154,"column":36},"end":{"line":154,"column":37}},"loc":{"start":{"line":154,"column":48},"end":{"line":156,"column":5}},"line":154},"34":{"name":"(anonymous_34)","decl":{"start":{"line":160,"column":43},"end":{"line":160,"column":44}},"loc":{"start":{"line":160,"column":55},"end":{"line":162,"column":5}},"line":160},"35":{"name":"(anonymous_35)","decl":{"start":{"line":166,"column":44},"end":{"line":166,"column":45}},"loc":{"start":{"line":166,"column":56},"end":{"line":168,"column":5}},"line":166},"36":{"name":"(anonymous_36)","decl":{"start":{"line":175,"column":47},"end":{"line":175,"column":48}},"loc":{"start":{"line":175,"column":82},"end":{"line":181,"column":5}},"line":175},"37":{"name":"(anonymous_37)","decl":{"start":{"line":176,"column":37},"end":{"line":176,"column":38}},"loc":{"start":{"line":176,"column":51},"end":{"line":179,"column":9}},"line":176}},"branchMap":{"0":{"loc":{"start":{"line":2,"column":15},"end":{"line":9,"column":1}},"type":"binary-expr","locations":[{"start":{"line":2,"column":16},"end":{"line":2,"column":20}},{"start":{"line":2,"column":24},"end":{"line":2,"column":37}},{"start":{"line":2,"column":42},"end":{"line":2,"column":55}},{"start":{"line":2,"column":59},"end":{"line":9,"column":1}}],"line":2},"1":{"loc":{"start":{"line":5,"column":25},"end":{"line":6,"column":24}},"type":"if","locations":[{"start":{"line":5,"column":25},"end":{"line":6,"column":24}},{"start":{"line":5,"column":25},"end":{"line":6,"column":24}}],"line":5},"2":{"loc":{"start":{"line":10,"column":16},"end":{"line":17,"column":1}},"type":"binary-expr","locations":[{"start":{"line":10,"column":17},"end":{"line":10,"column":21}},{"start":{"line":10,"column":25},"end":{"line":10,"column":39}},{"start":{"line":10,"column":44},"end":{"line":17,"column":1}}],"line":10},"3":{"loc":{"start":{"line":11,"column":16},"end":{"line":11,"column":34}},"type":"binary-expr","locations":[{"start":{"line":11,"column":16},"end":{"line":11,"column":17}},{"start":{"line":11,"column":22},"end":{"line":11,"column":33}}],"line":11},"4":{"loc":{"start":{"line":14,"column":32},"end":{"line":14,"column":148}},"type":"cond-expr","locations":[{"start":{"line":14,"column":46},"end":{"line":14,"column":67}},{"start":{"line":14,"column":70},"end":{"line":14,"column":148}}],"line":14},"5":{"loc":{"start":{"line":15,"column":51},"end":{"line":15,"column":67}},"type":"binary-expr","locations":[{"start":{"line":15,"column":51},"end":{"line":15,"column":61}},{"start":{"line":15,"column":65},"end":{"line":15,"column":67}}],"line":15},"6":{"loc":{"start":{"line":18,"column":18},"end":{"line":44,"column":1}},"type":"binary-expr","locations":[{"start":{"line":18,"column":19},"end":{"line":18,"column":23}},{"start":{"line":18,"column":27},"end":{"line":18,"column":43}},{"start":{"line":18,"column":48},"end":{"line":44,"column":1}}],"line":18},"7":{"loc":{"start":{"line":19,"column":43},"end":{"line":19,"column":68}},"type":"if","locations":[{"start":{"line":19,"column":43},"end":{"line":19,"column":68}},{"start":{"line":19,"column":43},"end":{"line":19,"column":68}}],"line":19},"8":{"loc":{"start":{"line":20,"column":71},"end":{"line":20,"column":153}},"type":"binary-expr","locations":[{"start":{"line":20,"column":71},"end":{"line":20,"column":99}},{"start":{"line":20,"column":104},"end":{"line":20,"column":152}}],"line":20},"9":{"loc":{"start":{"line":23,"column":8},"end":{"line":23,"column":70}},"type":"if","locations":[{"start":{"line":23,"column":8},"end":{"line":23,"column":70}},{"start":{"line":23,"column":8},"end":{"line":23,"column":70}}],"line":23},"10":{"loc":{"start":{"line":25,"column":12},"end":{"line":25,"column":169}},"type":"if","locations":[{"start":{"line":25,"column":12},"end":{"line":25,"column":169}},{"start":{"line":25,"column":12},"end":{"line":25,"column":169}}],"line":25},"11":{"loc":{"start":{"line":25,"column":23},"end":{"line":25,"column":158}},"type":"binary-expr","locations":[{"start":{"line":25,"column":23},"end":{"line":25,"column":24}},{"start":{"line":25,"column":29},"end":{"line":25,"column":125}},{"start":{"line":25,"column":130},"end":{"line":25,"column":158}}],"line":25},"12":{"loc":{"start":{"line":25,"column":33},"end":{"line":25,"column":125}},"type":"cond-expr","locations":[{"start":{"line":25,"column":45},"end":{"line":25,"column":56}},{"start":{"line":25,"column":59},"end":{"line":25,"column":125}}],"line":25},"13":{"loc":{"start":{"line":25,"column":59},"end":{"line":25,"column":125}},"type":"cond-expr","locations":[{"start":{"line":25,"column":67},"end":{"line":25,"column":116}},{"start":{"line":25,"column":119},"end":{"line":25,"column":125}}],"line":25},"14":{"loc":{"start":{"line":25,"column":67},"end":{"line":25,"column":116}},"type":"binary-expr","locations":[{"start":{"line":25,"column":67},"end":{"line":25,"column":77}},{"start":{"line":25,"column":82},"end":{"line":25,"column":115}}],"line":25},"15":{"loc":{"start":{"line":25,"column":82},"end":{"line":25,"column":112}},"type":"binary-expr","locations":[{"start":{"line":25,"column":83},"end":{"line":25,"column":98}},{"start":{"line":25,"column":103},"end":{"line":25,"column":112}}],"line":25},"16":{"loc":{"start":{"line":26,"column":12},"end":{"line":26,"column":52}},"type":"if","locations":[{"start":{"line":26,"column":12},"end":{"line":26,"column":52}},{"start":{"line":26,"column":12},"end":{"line":26,"column":52}}],"line":26},"17":{"loc":{"start":{"line":27,"column":12},"end":{"line":39,"column":13}},"type":"switch","locations":[{"start":{"line":28,"column":16},"end":{"line":28,"column":23}},{"start":{"line":28,"column":24},"end":{"line":28,"column":46}},{"start":{"line":29,"column":16},"end":{"line":29,"column":72}},{"start":{"line":30,"column":16},"end":{"line":30,"column":65}},{"start":{"line":31,"column":16},"end":{"line":31,"column":65}},{"start":{"line":32,"column":16},"end":{"line":38,"column":43}}],"line":27},"18":{"loc":{"start":{"line":33,"column":20},"end":{"line":33,"column":128}},"type":"if","locations":[{"start":{"line":33,"column":20},"end":{"line":33,"column":128}},{"start":{"line":33,"column":20},"end":{"line":33,"column":128}}],"line":33},"19":{"loc":{"start":{"line":33,"column":24},"end":{"line":33,"column":106}},"type":"binary-expr","locations":[{"start":{"line":33,"column":24},"end":{"line":33,"column":74}},{"start":{"line":33,"column":79},"end":{"line":33,"column":90}},{"start":{"line":33,"column":94},"end":{"line":33,"column":105}}],"line":33},"20":{"loc":{"start":{"line":33,"column":42},"end":{"line":33,"column":73}},"type":"binary-expr","locations":[{"start":{"line":33,"column":42},"end":{"line":33,"column":54}},{"start":{"line":33,"column":58},"end":{"line":33,"column":73}}],"line":33},"21":{"loc":{"start":{"line":34,"column":20},"end":{"line":34,"column":106}},"type":"if","locations":[{"start":{"line":34,"column":20},"end":{"line":34,"column":106}},{"start":{"line":34,"column":20},"end":{"line":34,"column":106}}],"line":34},"22":{"loc":{"start":{"line":34,"column":24},"end":{"line":34,"column":77}},"type":"binary-expr","locations":[{"start":{"line":34,"column":24},"end":{"line":34,"column":35}},{"start":{"line":34,"column":40},"end":{"line":34,"column":42}},{"start":{"line":34,"column":47},"end":{"line":34,"column":59}},{"start":{"line":34,"column":63},"end":{"line":34,"column":75}}],"line":34},"23":{"loc":{"start":{"line":35,"column":20},"end":{"line":35,"column":89}},"type":"if","locations":[{"start":{"line":35,"column":20},"end":{"line":35,"column":89}},{"start":{"line":35,"column":20},"end":{"line":35,"column":89}}],"line":35},"24":{"loc":{"start":{"line":35,"column":24},"end":{"line":35,"column":53}},"type":"binary-expr","locations":[{"start":{"line":35,"column":24},"end":{"line":35,"column":35}},{"start":{"line":35,"column":39},"end":{"line":35,"column":53}}],"line":35},"25":{"loc":{"start":{"line":36,"column":20},"end":{"line":36,"column":87}},"type":"if","locations":[{"start":{"line":36,"column":20},"end":{"line":36,"column":87}},{"start":{"line":36,"column":20},"end":{"line":36,"column":87}}],"line":36},"26":{"loc":{"start":{"line":36,"column":24},"end":{"line":36,"column":43}},"type":"binary-expr","locations":[{"start":{"line":36,"column":24},"end":{"line":36,"column":25}},{"start":{"line":36,"column":29},"end":{"line":36,"column":43}}],"line":36},"27":{"loc":{"start":{"line":37,"column":20},"end":{"line":37,"column":42}},"type":"if","locations":[{"start":{"line":37,"column":20},"end":{"line":37,"column":42}},{"start":{"line":37,"column":20},"end":{"line":37,"column":42}}],"line":37},"28":{"loc":{"start":{"line":42,"column":8},"end":{"line":42,"column":35}},"type":"if","locations":[{"start":{"line":42,"column":8},"end":{"line":42,"column":35}},{"start":{"line":42,"column":8},"end":{"line":42,"column":35}}],"line":42},"29":{"loc":{"start":{"line":42,"column":52},"end":{"line":42,"column":74}},"type":"cond-expr","locations":[{"start":{"line":42,"column":60},"end":{"line":42,"column":65}},{"start":{"line":42,"column":68},"end":{"line":42,"column":74}}],"line":42},"30":{"loc":{"start":{"line":62,"column":16},"end":{"line":72,"column":17}},"type":"switch","locations":[{"start":{"line":63,"column":20},"end":{"line":68,"column":164}},{"start":{"line":69,"column":20},"end":{"line":71,"column":63}}],"line":62},"31":{"loc":{"start":{"line":65,"column":24},"end":{"line":67,"column":25}},"type":"if","locations":[{"start":{"line":65,"column":24},"end":{"line":67,"column":25}},{"start":{"line":65,"column":24},"end":{"line":67,"column":25}}],"line":65},"32":{"loc":{"start":{"line":86,"column":16},"end":{"line":99,"column":17}},"type":"switch","locations":[{"start":{"line":87,"column":20},"end":{"line":91,"column":28}},{"start":{"line":92,"column":20},"end":{"line":98,"column":31}}],"line":86}},"s":{"0":1,"1":0,"2":0,"3":0,"4":0,"5":0,"6":0,"7":1,"8":0,"9":0,"10":0,"11":0,"12":0,"13":0,"14":0,"15":0,"16":0,"17":0,"18":1,"19":0,"20":0,"21":0,"22":0,"23":0,"24":0,"25":0,"26":0,"27":0,"28":0,"29":0,"30":0,"31":0,"32":0,"33":0,"34":0,"35":0,"36":0,"37":0,"38":0,"39":0,"40":0,"41":0,"42":0,"43":0,"44":0,"45":0,"46":0,"47":0,"48":0,"49":0,"50":0,"51":0,"52":0,"53":0,"54":0,"55":0,"56":0,"57":0,"58":0,"59":0,"60":0,"61":0,"62":0,"63":0,"64":0,"65":0,"66":0,"67":0,"68":0,"69":0,"70":0,"71":0,"72":1,"73":1,"74":1,"75":0,"76":1,"77":0,"78":0,"79":0,"80":0,"81":0,"82":0,"83":0,"84":0,"85":0,"86":1,"87":0,"88":0,"89":0,"90":0,"91":0,"92":0,"93":1,"94":0,"95":0,"96":0,"97":1,"98":0,"99":0,"100":0,"101":1,"102":0,"103":0,"104":0,"105":1,"106":0,"107":1,"108":0,"109":1,"110":0,"111":1,"112":0,"113":1,"114":0,"115":1,"116":0,"117":1,"118":0,"119":0,"120":0,"121":0,"122":1,"123":1},"f":{"0":0,"1":0,"2":0,"3":0,"4":0,"5":0,"6":0,"7":0,"8":0,"9":0,"10":0,"11":0,"12":0,"13":1,"14":0,"15":0,"16":0,"17":0,"18":0,"19":0,"20":0,"21":0,"22":0,"23":0,"24":0,"25":0,"26":0,"27":0,"28":0,"29":0,"30":0,"31":0,"32":0,"33":0,"34":0,"35":0,"36":0,"37":0},"b":{"0":[1,1,1,0],"1":[0,0],"2":[1,1,1],"3":[0,0],"4":[0,0],"5":[0,0],"6":[1,1,1],"7":[0,0],"8":[0,0],"9":[0,0],"10":[0,0],"11":[0,0,0],"12":[0,0],"13":[0,0],"14":[0,0],"15":[0,0],"16":[0,0],"17":[0,0,0,0,0,0],"18":[0,0],"19":[0,0,0],"20":[0,0],"21":[0,0],"22":[0,0,0,0],"23":[0,0],"24":[0,0],"25":[0,0],"26":[0,0],"27":[0,0],"28":[0,0],"29":[0,0],"30":[0,0],"31":[0,0],"32":[0,0]},"_coverageSchema":"43e27e138ebf9cfc5966b082cf9a028302ed4184","hash":"67a771d023d6cb0a27ecfa86b7343ad09aa1d0b5","contentHash":"3db82593bd32ca5414bf652d15b8e1b3"}}